Using pre-set license
Built from '2021.2/staging' branch; Version is '2021.2.7f1 (6bd9e232123f) revision 7068130'; Using compiler version '192829333'; Build Type 'Release'
OS: 'Windows 10  (10.0.19043) 64bit Core' Language: 'en' Physical Memory: 32686 MB
BatchMode: 1, IsHumanControllingUs: 0, StartBugReporterOnCrash: 0, Is64bit: 1, IsPro: 0

COMMAND LINE ARGUMENTS:
D:\Unity\Editors\2021.2.7f1\Editor\Unity.exe
-adb2
-batchMode
-noUpm
-name
AssetImportWorker0
-projectPath
D:/Unity/Projects/SteamNetworkingSockets
-logFile
Logs/AssetImportWorker0.log
-srvPort
52723
Successfully changed project path to: D:/Unity/Projects/SteamNetworkingSockets
D:/Unity/Projects/SteamNetworkingSockets
[UnityMemory] Configuration Parameters - Can be set up in boot.config
    "memorysetup-bucket-allocator-granularity=16"
    "memorysetup-bucket-allocator-bucket-count=8"
    "memorysetup-bucket-allocator-block-size=33554432"
    "memorysetup-bucket-allocator-block-count=8"
    "memorysetup-main-allocator-block-size=16777216"
    "memorysetup-thread-allocator-block-size=16777216"
    "memorysetup-gfx-main-allocator-block-size=16777216"
    "memorysetup-gfx-thread-allocator-block-size=16777216"
    "memorysetup-cache-allocator-block-size=4194304"
    "memorysetup-typetree-allocator-block-size=2097152"
    "memorysetup-profiler-bucket-allocator-granularity=16"
    "memorysetup-profiler-bucket-allocator-bucket-count=8"
    "memorysetup-profiler-bucket-allocator-block-size=33554432"
    "memorysetup-profiler-bucket-allocator-block-count=8"
    "memorysetup-profiler-allocator-block-size=16777216"
    "memorysetup-profiler-editor-allocator-block-size=1048576"
    "memorysetup-temp-allocator-size-main=16777216"
    "memorysetup-job-temp-allocator-block-size=2097152"
    "memorysetup-job-temp-allocator-block-size-background=1048576"
    "memorysetup-job-temp-allocator-reduction-small-platforms=262144"
    "memorysetup-temp-allocator-size-background-worker=32768"
    "memorysetup-temp-allocator-size-job-worker=262144"
    "memorysetup-temp-allocator-size-preload-manager=33554432"
    "memorysetup-temp-allocator-size-nav-mesh-worker=65536"
    "memorysetup-temp-allocator-size-audio-worker=65536"
    "memorysetup-temp-allocator-size-cloud-worker=32768"
    "memorysetup-temp-allocator-size-gi-baking-worker=262144"
    "memorysetup-temp-allocator-size-gfx=262144"
Refreshing native plugins compatible for Editor in 68.66 ms, found 3 plugins.
Preloading 0 native plugins for Editor in 0.00 ms.
Initialize engine version: 2021.2.7f1 (6bd9e232123f)
[Subsystems] Discovering subsystems at path D:/Unity/Editors/2021.2.7f1/Editor/Data/Resources/UnitySubsystems
[Subsystems] Discovering subsystems at path D:/Unity/Projects/SteamNetworkingSockets/Assets
GfxDevice: creating device client; threaded=0; jobified=0
Direct3D:
    Version:  Direct3D 11.0 [level 11.1]
    Renderer: NVIDIA GeForce RTX 2080 SUPER (ID=0x1e81)
    Vendor:   NVIDIA
    VRAM:     8010 MB
    Driver:   30.0.14.9709
Initialize mono
Mono path[0] = 'D:/Unity/Editors/2021.2.7f1/Editor/Data/Managed'
Mono path[1] = 'D:/Unity/Editors/2021.2.7f1/Editor/Data/MonoBleedingEdge/lib/mono/unityjit-win32'
Mono config path = 'D:/Unity/Editors/2021.2.7f1/Editor/Data/MonoBleedingEdge/etc'
Using monoOptions --debugger-agent=transport=dt_socket,embedding=1,server=y,suspend=n,address=127.0.0.1:56324
Begin MonoManager ReloadAssembly
Registering precompiled unity dll's ...
Register platform support module: D:/Unity/Editors/2021.2.7f1/Editor/Data/PlaybackEngines/WindowsStandaloneSupport/UnityEditor.WindowsStandalone.Extensions.dll
Registered in 0.002200 seconds.
Native extension for WindowsStandalone target not found
Refreshing native plugins compatible for Editor in 69.86 ms, found 3 plugins.
Preloading 0 native plugins for Editor in 0.00 ms.
Mono: successfully reloaded assembly
- Completed reload, in  0.577 seconds
Domain Reload Profiling:
	ReloadAssembly (578ms)
		BeginReloadAssembly (60ms)
			ExecutionOrderSort (0ms)
			DisableScriptedObjects (0ms)
			BackupInstance (0ms)
			ReleaseScriptingObjects (0ms)
			CreateAndSetChildDomain (1ms)
		EndReloadAssembly (442ms)
			LoadAssemblies (59ms)
			RebuildTransferFunctionScriptingTraits (0ms)
			SetupTypeCache (120ms)
			ReleaseScriptCaches (0ms)
			RebuildScriptCaches (25ms)
			SetupLoadedEditorAssemblies (253ms)
				LogAssemblyErrors (0ms)
				InitializePlatformSupportModulesInManaged (13ms)
				SetLoadedEditorAssemblies (0ms)
				RefreshPlugins (70ms)
				BeforeProcessingInitializeOnLoad (1ms)
				ProcessInitializeOnLoadAttributes (129ms)
				ProcessInitializeOnLoadMethodAttributes (39ms)
				AfterProcessingInitializeOnLoad (0ms)
				EditorAssembliesLoaded (0ms)
			ExecutionOrderSort2 (0ms)
			AwakeInstancesAfterBackupRestoration (0ms)
Platform modules already initialized, skipping
Registering precompiled user dll's ...
Registered in 0.002834 seconds.
Begin MonoManager ReloadAssembly
Symbol file LoadedFromMemory doesn't match image D:\Unity\Projects\SteamNetworkingSockets\Library\PackageCache\com.unity.visualscripting@1.7.6\Editor\VisualScripting.Core\Dependencies\YamlDotNet\Unity.VisualScripting.YamlDotNet.dll
Symbol file LoadedFromMemory doesn't match image D:\Unity\Projects\SteamNetworkingSockets\Library\PackageCache\com.unity.visualscripting@1.7.6\Editor\VisualScripting.Core\Dependencies\DotNetZip\Unity.VisualScripting.IonicZip.dll
Native extension for WindowsStandalone target not found
Refreshing native plugins compatible for Editor in 0.47 ms, found 3 plugins.
Preloading 0 native plugins for Editor in 0.00 ms.
Mono: successfully reloaded assembly
- Completed reload, in  0.807 seconds
Domain Reload Profiling:
	ReloadAssembly (807ms)
		BeginReloadAssembly (85ms)
			ExecutionOrderSort (0ms)
			DisableScriptedObjects (5ms)
			BackupInstance (0ms)
			ReleaseScriptingObjects (0ms)
			CreateAndSetChildDomain (17ms)
		EndReloadAssembly (645ms)
			LoadAssemblies (53ms)
			RebuildTransferFunctionScriptingTraits (0ms)
			SetupTypeCache (219ms)
			ReleaseScriptCaches (1ms)
			RebuildScriptCaches (41ms)
			SetupLoadedEditorAssemblies (297ms)
				LogAssemblyErrors (0ms)
				InitializePlatformSupportModulesInManaged (9ms)
				SetLoadedEditorAssemblies (0ms)
				RefreshPlugins (1ms)
				BeforeProcessingInitializeOnLoad (65ms)
				ProcessInitializeOnLoadAttributes (200ms)
				ProcessInitializeOnLoadMethodAttributes (19ms)
				AfterProcessingInitializeOnLoad (2ms)
				EditorAssembliesLoaded (0ms)
			ExecutionOrderSort2 (0ms)
			AwakeInstancesAfterBackupRestoration (4ms)
Platform modules already initialized, skipping
========================================================================
Worker process is ready to serve import requests
Launched and connected shader compiler UnityShaderCompiler.exe after 0.05 seconds
Refreshing native plugins compatible for Editor in 0.54 ms, found 3 plugins.
Preloading 0 native plugins for Editor in 0.00 ms.
Unloading 3213 Unused Serialized files (Serialized files now loaded: 0)
Unloading 26 unused Assets / (112.4 KB). Loaded Objects now: 3669.
Memory consumption went from 111.9 MB to 111.8 MB.
Total: 2.423200 ms (FindLiveObjects: 0.259500 ms CreateObjectMapping: 0.181700 ms MarkObjects: 1.897100 ms  DeleteObjects: 0.084300 ms)

AssetImportParameters requested are different than current active one (requested -> active):
  custom:video-decoder-ogg-theora: a1e56fd34408186e4bbccfd4996cb3dc -> 
  custom:container-muxer-webm: aa71ff27fc2769a1b78a27578f13a17b -> 
  custom:container-demuxer-webm: 4f35f7cbe854078d1ac9338744f61a02 -> 
  custom:video-encoder-webm-vp8: eb34c28f22e8b96e1ab97ce403110664 -> 
  custom:video-codec-MediaFoundation-h265: 746d11721c4dcdbdad8f713fa42b33f4 -> 
  custom:audio-encoder-webm-vorbis: bf7c407c2cedff20999df2af8eb42d56 -> 
  custom:framework-win-MediaFoundation: 216162199b28c13a410421893ffa2e32 -> 
  custom:container-demuxer-ogg: 62fdf1f143b41e24485cea50d1cbac27 -> 
  custom:video-decoder-webm-vp8: 9c59270c3fd7afecdb556c50c9e8de78 -> 
  custom:audio-decoder-ogg-vorbis: bf7c407c2cedff20999df2af8eb42d56 -> 
========================================================================
Received Import Request.
  Time since last request: 218193.920491 seconds.
  path: Assets
  artifactKey: Guid(00000000000000001000000000000000) Importer(815301076,1909f56bfc062723c751e8b465ee728b)
Start importing Assets using Guid(00000000000000001000000000000000) Importer(815301076,1909f56bfc062723c751e8b465ee728b)  -> (artifact id: '79842766b460edbeab6a34051e857a80') in 0.007841 seconds 
========================================================================
Received Prepare
Registering precompiled user dll's ...
Registered in 0.003411 seconds.
Begin MonoManager ReloadAssembly
Symbol file LoadedFromMemory doesn't match image D:\Unity\Projects\SteamNetworkingSockets\Library\PackageCache\com.unity.visualscripting@1.7.6\Editor\VisualScripting.Core\Dependencies\YamlDotNet\Unity.VisualScripting.YamlDotNet.dll
Symbol file LoadedFromMemory doesn't match image D:\Unity\Projects\SteamNetworkingSockets\Library\PackageCache\com.unity.visualscripting@1.7.6\Editor\VisualScripting.Core\Dependencies\DotNetZip\Unity.VisualScripting.IonicZip.dll
Native extension for WindowsStandalone target not found
Refreshing native plugins compatible for Editor in 0.55 ms, found 4 plugins.
Preloading 0 native plugins for Editor in 0.00 ms.
Mono: successfully reloaded assembly
- Completed reload, in  0.833 seconds
Domain Reload Profiling:
	ReloadAssembly (833ms)
		BeginReloadAssembly (113ms)
			ExecutionOrderSort (0ms)
			DisableScriptedObjects (5ms)
			BackupInstance (0ms)
			ReleaseScriptingObjects (0ms)
			CreateAndSetChildDomain (28ms)
		EndReloadAssembly (641ms)
			LoadAssemblies (62ms)
			RebuildTransferFunctionScriptingTraits (0ms)
			SetupTypeCache (243ms)
			ReleaseScriptCaches (1ms)
			RebuildScriptCaches (37ms)
			SetupLoadedEditorAssemblies (260ms)
				LogAssemblyErrors (0ms)
				InitializePlatformSupportModulesInManaged (10ms)
				SetLoadedEditorAssemblies (0ms)
				RefreshPlugins (1ms)
				BeforeProcessingInitializeOnLoad (51ms)
				ProcessInitializeOnLoadAttributes (176ms)
				ProcessInitializeOnLoadMethodAttributes (19ms)
				AfterProcessingInitializeOnLoad (3ms)
				EditorAssembliesLoaded (0ms)
			ExecutionOrderSort2 (0ms)
			AwakeInstancesAfterBackupRestoration (5ms)
Platform modules already initialized, skipping
Refreshing native plugins compatible for Editor in 0.51 ms, found 4 plugins.
Preloading 0 native plugins for Editor in 0.00 ms.
Unloading 3216 Unused Serialized files (Serialized files now loaded: 0)
Unloading 29 unused Assets / (79.2 KB). Loaded Objects now: 3671.
Memory consumption went from 112.1 MB to 112.0 MB.
Total: 2.510000 ms (FindLiveObjects: 0.253400 ms CreateObjectMapping: 0.176300 ms MarkObjects: 2.010000 ms  DeleteObjects: 0.069600 ms)

AssetImportParameters requested are different than current active one (requested -> active):
  custom:video-decoder-ogg-theora: a1e56fd34408186e4bbccfd4996cb3dc -> 
  custom:container-muxer-webm: aa71ff27fc2769a1b78a27578f13a17b -> 
  custom:container-demuxer-webm: 4f35f7cbe854078d1ac9338744f61a02 -> 
  custom:video-encoder-webm-vp8: eb34c28f22e8b96e1ab97ce403110664 -> 
  custom:video-codec-MediaFoundation-h265: 746d11721c4dcdbdad8f713fa42b33f4 -> 
  custom:audio-encoder-webm-vorbis: bf7c407c2cedff20999df2af8eb42d56 -> 
  custom:framework-win-MediaFoundation: 216162199b28c13a410421893ffa2e32 -> 
  custom:container-demuxer-ogg: 62fdf1f143b41e24485cea50d1cbac27 -> 
  custom:video-decoder-webm-vp8: 9c59270c3fd7afecdb556c50c9e8de78 -> 
  custom:audio-decoder-ogg-vorbis: bf7c407c2cedff20999df2af8eb42d56 -> 
========================================================================
Received Prepare
Registering precompiled user dll's ...
Registered in 0.003707 seconds.
Begin MonoManager ReloadAssembly
Symbol file LoadedFromMemory doesn't match image D:\Unity\Projects\SteamNetworkingSockets\Library\PackageCache\com.unity.visualscripting@1.7.6\Editor\VisualScripting.Core\Dependencies\YamlDotNet\Unity.VisualScripting.YamlDotNet.dll
Symbol file LoadedFromMemory doesn't match image D:\Unity\Projects\SteamNetworkingSockets\Library\PackageCache\com.unity.visualscripting@1.7.6\Editor\VisualScripting.Core\Dependencies\DotNetZip\Unity.VisualScripting.IonicZip.dll
Native extension for WindowsStandalone target not found
Refreshing native plugins compatible for Editor in 0.71 ms, found 4 plugins.
Preloading 0 native plugins for Editor in 0.00 ms.
Mono: successfully reloaded assembly
- Completed reload, in  0.822 seconds
Domain Reload Profiling:
	ReloadAssembly (822ms)
		BeginReloadAssembly (118ms)
			ExecutionOrderSort (0ms)
			DisableScriptedObjects (5ms)
			BackupInstance (0ms)
			ReleaseScriptingObjects (0ms)
			CreateAndSetChildDomain (28ms)
		EndReloadAssembly (627ms)
			LoadAssemblies (62ms)
			RebuildTransferFunctionScriptingTraits (0ms)
			SetupTypeCache (216ms)
			ReleaseScriptCaches (1ms)
			RebuildScriptCaches (37ms)
			SetupLoadedEditorAssemblies (274ms)
				LogAssemblyErrors (0ms)
				InitializePlatformSupportModulesInManaged (11ms)
				SetLoadedEditorAssemblies (1ms)
				RefreshPlugins (1ms)
				BeforeProcessingInitializeOnLoad (55ms)
				ProcessInitializeOnLoadAttributes (182ms)
				ProcessInitializeOnLoadMethodAttributes (22ms)
				AfterProcessingInitializeOnLoad (2ms)
				EditorAssembliesLoaded (0ms)
			ExecutionOrderSort2 (0ms)
			AwakeInstancesAfterBackupRestoration (5ms)
Platform modules already initialized, skipping
Refreshing native plugins compatible for Editor in 0.54 ms, found 4 plugins.
Preloading 0 native plugins for Editor in 0.00 ms.
Unloading 3236 Unused Serialized files (Serialized files now loaded: 0)
Unloading 29 unused Assets / (80.5 KB). Loaded Objects now: 3693.
Memory consumption went from 112.6 MB to 112.5 MB.
Total: 2.576700 ms (FindLiveObjects: 0.248500 ms CreateObjectMapping: 0.186200 ms MarkObjects: 2.070500 ms  DeleteObjects: 0.070500 ms)

AssetImportParameters requested are different than current active one (requested -> active):
  custom:video-decoder-ogg-theora: a1e56fd34408186e4bbccfd4996cb3dc -> 
  custom:container-muxer-webm: aa71ff27fc2769a1b78a27578f13a17b -> 
  custom:container-demuxer-webm: 4f35f7cbe854078d1ac9338744f61a02 -> 
  custom:video-encoder-webm-vp8: eb34c28f22e8b96e1ab97ce403110664 -> 
  custom:video-codec-MediaFoundation-h265: 746d11721c4dcdbdad8f713fa42b33f4 -> 
  custom:audio-encoder-webm-vorbis: bf7c407c2cedff20999df2af8eb42d56 -> 
  custom:framework-win-MediaFoundation: 216162199b28c13a410421893ffa2e32 -> 
  custom:container-demuxer-ogg: 62fdf1f143b41e24485cea50d1cbac27 -> 
  custom:video-decoder-webm-vp8: 9c59270c3fd7afecdb556c50c9e8de78 -> 
  custom:audio-decoder-ogg-vorbis: bf7c407c2cedff20999df2af8eb42d56 -> 
========================================================================
Received Prepare
Refreshing native plugins compatible for Editor in 3.29 ms, found 4 plugins.
Preloading 0 native plugins for Editor in 0.00 ms.
Unloading 27 Unused Serialized files (Serialized files now loaded: 0)
Unloading 27 unused Assets / (76.7 KB). Loaded Objects now: 3693.
Memory consumption went from 48.4 MB to 48.3 MB.
Total: 2.729600 ms (FindLiveObjects: 0.292500 ms CreateObjectMapping: 0.243900 ms MarkObjects: 2.114000 ms  DeleteObjects: 0.078600 ms)

AssetImportParameters requested are different than current active one (requested -> active):
  colorSpace: 1 -> 0
  custom:video-decoder-ogg-theora: a1e56fd34408186e4bbccfd4996cb3dc -> 
  custom:container-muxer-webm: aa71ff27fc2769a1b78a27578f13a17b -> 
  custom:container-demuxer-webm: 4f35f7cbe854078d1ac9338744f61a02 -> 
  custom:video-encoder-webm-vp8: eb34c28f22e8b96e1ab97ce403110664 -> 
  custom:video-codec-MediaFoundation-h265: 746d11721c4dcdbdad8f713fa42b33f4 -> 
  custom:audio-encoder-webm-vorbis: bf7c407c2cedff20999df2af8eb42d56 -> 
  custom:framework-win-MediaFoundation: 216162199b28c13a410421893ffa2e32 -> 
  custom:container-demuxer-ogg: 62fdf1f143b41e24485cea50d1cbac27 -> 
  custom:video-decoder-webm-vp8: 9c59270c3fd7afecdb556c50c9e8de78 -> 
  custom:graphics/active-color-space: 03000000000000000000000000000000 -> 02000000000000000000000000000000
  custom:audio-decoder-ogg-vorbis: bf7c407c2cedff20999df2af8eb42d56 -> 
========================================================================
Received Import Request.
  Time since last request: 72.917602 seconds.
  path: Assets/Steam Networking
  artifactKey: Guid(eb0d325975887424488ecc90ac1edd67) Importer(815301076,1909f56bfc062723c751e8b465ee728b)
Start importing Assets/Steam Networking using Guid(eb0d325975887424488ecc90ac1edd67) Importer(815301076,1909f56bfc062723c751e8b465ee728b)  -> (artifact id: 'bd1705f894f722537bb87cecef5e9235') in 0.006372 seconds 
========================================================================
Received Import Request.
  Time since last request: 0.068291 seconds.
  path: Assets/Steam Networking/black.mat
  artifactKey: Guid(07d69cf2df08c84478e8971ca9135acc) Importer(815301076,1909f56bfc062723c751e8b465ee728b)
Start importing Assets/Steam Networking/black.mat using Guid(07d69cf2df08c84478e8971ca9135acc) Importer(815301076,1909f56bfc062723c751e8b465ee728b)  -> (artifact id: '84959d6a391d4eb818ee24d45081dc26') in 0.342614 seconds 
========================================================================
Received Import Request.
  Time since last request: 0.000026 seconds.
  path: Assets/Steam Networking/ClientTest.prefab
  artifactKey: Guid(8180a8fe0eb997c4694497bdab6a621d) Importer(815301076,1909f56bfc062723c751e8b465ee728b)
Start importing Assets/Steam Networking/ClientTest.prefab using Guid(8180a8fe0eb997c4694497bdab6a621d) Importer(815301076,1909f56bfc062723c751e8b465ee728b)  -> (artifact id: 'fad58883dc4fa2889ed63f7fde2d0f48') in 0.026537 seconds 
========================================================================
Received Import Request.
  Time since last request: 0.000025 seconds.
  path: Assets/Steam Networking/Player.prefab
  artifactKey: Guid(aadf2521f678ba444b092364eeb18d1d) Importer(815301076,1909f56bfc062723c751e8b465ee728b)
Start importing Assets/Steam Networking/Player.prefab using Guid(aadf2521f678ba444b092364eeb18d1d) Importer(815301076,1909f56bfc062723c751e8b465ee728b)  -> (artifact id: 'd92b7827f07e6954558940b7a4370226') in 0.100727 seconds 
========================================================================
Received Import Request.
  Time since last request: 1.016402 seconds.
  path: Assets/Steam Networking/demo.unity
  artifactKey: Guid(c8975796f2a498642af5fe6bf398db1c) Importer(815301076,1909f56bfc062723c751e8b465ee728b)
Start importing Assets/Steam Networking/demo.unity using Guid(c8975796f2a498642af5fe6bf398db1c) Importer(815301076,1909f56bfc062723c751e8b465ee728b)  -> (artifact id: '3bdeeacdef87a547b3594679a5413d56') in 0.005557 seconds 
========================================================================
Received Import Request.
  Time since last request: 46.027597 seconds.
  path: Assets/Steam Networking/OversizedPacket.cs
  artifactKey: Guid(3ff2b240af35f124fb49618331835fa7) Importer(815301076,1909f56bfc062723c751e8b465ee728b)
Start importing Assets/Steam Networking/OversizedPacket.cs using Guid(3ff2b240af35f124fb49618331835fa7) Importer(815301076,1909f56bfc062723c751e8b465ee728b)  -> (artifact id: '598f83ca60d85e3296b17215e4e1f160') in 0.007736 seconds 
========================================================================
Received Import Request.
  Time since last request: 1.095207 seconds.
  path: Assets/Steam Networking/OversizedPacketManager.cs
  artifactKey: Guid(6c44d3be443be164baefd0d2aa475fe5) Importer(815301076,1909f56bfc062723c751e8b465ee728b)
Start importing Assets/Steam Networking/OversizedPacketManager.cs using Guid(6c44d3be443be164baefd0d2aa475fe5) Importer(815301076,1909f56bfc062723c751e8b465ee728b)  -> (artifact id: '20ade4029cf81b8aa78b850e1bb21c7e') in 0.004524 seconds 
========================================================================
Received Import Request.
  Time since last request: 5.356516 seconds.
  path: Assets/Steam Networking/NetworkTest.cs
  artifactKey: Guid(761cf9fc4955e384c8261dca1db27f6a) Importer(815301076,1909f56bfc062723c751e8b465ee728b)
Start importing Assets/Steam Networking/NetworkTest.cs using Guid(761cf9fc4955e384c8261dca1db27f6a) Importer(815301076,1909f56bfc062723c751e8b465ee728b)  -> (artifact id: '30a22c6ca51e78cb1d8a83d17dc9163f') in 0.004447 seconds 
========================================================================
Received Import Request.
  Time since last request: 2.451618 seconds.
  path: Assets/Steam Networking/NetworkTestPrefab.cs
  artifactKey: Guid(54c8ace1038aeb0448907155e1ff41e3) Importer(815301076,1909f56bfc062723c751e8b465ee728b)
Start importing Assets/Steam Networking/NetworkTestPrefab.cs using Guid(54c8ace1038aeb0448907155e1ff41e3) Importer(815301076,1909f56bfc062723c751e8b465ee728b)  -> (artifact id: 'bab482a2eae9fa0c846fe1ef69f35374') in 0.004243 seconds 
========================================================================
Received Prepare
Registering precompiled user dll's ...
Registered in 0.004089 seconds.
Begin MonoManager ReloadAssembly
Symbol file LoadedFromMemory doesn't match image D:\Unity\Projects\SteamNetworkingSockets\Library\PackageCache\com.unity.visualscripting@1.7.6\Editor\VisualScripting.Core\Dependencies\YamlDotNet\Unity.VisualScripting.YamlDotNet.dll
Symbol file LoadedFromMemory doesn't match image D:\Unity\Projects\SteamNetworkingSockets\Library\PackageCache\com.unity.visualscripting@1.7.6\Editor\VisualScripting.Core\Dependencies\DotNetZip\Unity.VisualScripting.IonicZip.dll
Native extension for WindowsStandalone target not found
Refreshing native plugins compatible for Editor in 0.57 ms, found 4 plugins.
Preloading 0 native plugins for Editor in 0.00 ms.
Mono: successfully reloaded assembly
- Completed reload, in  0.920 seconds
Domain Reload Profiling:
	ReloadAssembly (921ms)
		BeginReloadAssembly (110ms)
			ExecutionOrderSort (0ms)
			DisableScriptedObjects (4ms)
			BackupInstance (0ms)
			ReleaseScriptingObjects (0ms)
			CreateAndSetChildDomain (30ms)
		EndReloadAssembly (732ms)
			LoadAssemblies (64ms)
			RebuildTransferFunctionScriptingTraits (0ms)
			SetupTypeCache (225ms)
			ReleaseScriptCaches (1ms)
			RebuildScriptCaches (36ms)
			SetupLoadedEditorAssemblies (350ms)
				LogAssemblyErrors (0ms)
				InitializePlatformSupportModulesInManaged (9ms)
				SetLoadedEditorAssemblies (0ms)
				RefreshPlugins (1ms)
				BeforeProcessingInitializeOnLoad (49ms)
				ProcessInitializeOnLoadAttributes (232ms)
				ProcessInitializeOnLoadMethodAttributes (40ms)
				AfterProcessingInitializeOnLoad (16ms)
				EditorAssembliesLoaded (1ms)
			ExecutionOrderSort2 (0ms)
			AwakeInstancesAfterBackupRestoration (6ms)
Platform modules already initialized, skipping
Refreshing native plugins compatible for Editor in 0.61 ms, found 4 plugins.
Preloading 0 native plugins for Editor in 0.00 ms.
Unloading 3247 Unused Serialized files (Serialized files now loaded: 0)
Unloading 44 unused Assets / (0.7 MB). Loaded Objects now: 3735.
Memory consumption went from 119.3 MB to 118.5 MB.
Total: 14.774800 ms (FindLiveObjects: 0.394200 ms CreateObjectMapping: 0.328000 ms MarkObjects: 13.718300 ms  DeleteObjects: 0.332400 ms)

AssetImportParameters requested are different than current active one (requested -> active):
  custom:video-decoder-ogg-theora: a1e56fd34408186e4bbccfd4996cb3dc -> 
  custom:container-muxer-webm: aa71ff27fc2769a1b78a27578f13a17b -> 
  custom:container-demuxer-webm: 4f35f7cbe854078d1ac9338744f61a02 -> 
  custom:video-encoder-webm-vp8: eb34c28f22e8b96e1ab97ce403110664 -> 
  custom:video-codec-MediaFoundation-h265: 746d11721c4dcdbdad8f713fa42b33f4 -> 
  custom:audio-encoder-webm-vorbis: bf7c407c2cedff20999df2af8eb42d56 -> 
  custom:framework-win-MediaFoundation: 216162199b28c13a410421893ffa2e32 -> 
  custom:container-demuxer-ogg: 62fdf1f143b41e24485cea50d1cbac27 -> 
  custom:video-decoder-webm-vp8: 9c59270c3fd7afecdb556c50c9e8de78 -> 
  custom:audio-decoder-ogg-vorbis: bf7c407c2cedff20999df2af8eb42d56 -> 
========================================================================
Received Import Request.
  Time since last request: 50.675909 seconds.
  path: Assets/Steam Networking/Networking
  artifactKey: Guid(fa7865bcec52d8a4bbfa02194a6888a3) Importer(815301076,1909f56bfc062723c751e8b465ee728b)
Start importing Assets/Steam Networking/Networking using Guid(fa7865bcec52d8a4bbfa02194a6888a3) Importer(815301076,1909f56bfc062723c751e8b465ee728b)  -> (artifact id: '6a82210ba689d02bb4b723ce2a9eb7a8') in 0.008043 seconds 
========================================================================
Received Import Request.
  Time since last request: 1.194307 seconds.
  path: Assets/Steam Networking/Networking/Packet.cs
  artifactKey: Guid(680a74cc213c420498b90bec3cdf17c8) Importer(815301076,1909f56bfc062723c751e8b465ee728b)
Start importing Assets/Steam Networking/Networking/Packet.cs using Guid(680a74cc213c420498b90bec3cdf17c8) Importer(815301076,1909f56bfc062723c751e8b465ee728b)  -> (artifact id: 'fa356967cbf2308b0442ca691cb42c23') in 0.004126 seconds 
========================================================================
Received Import Request.
  Time since last request: 8.364790 seconds.
  path: Assets/Steam Networking/Networking/Packet.cs
  artifactKey: Guid(680a74cc213c420498b90bec3cdf17c8) Importer(815301076,1909f56bfc062723c751e8b465ee728b)
Start importing Assets/Steam Networking/Networking/Packet.cs using Guid(680a74cc213c420498b90bec3cdf17c8) Importer(815301076,1909f56bfc062723c751e8b465ee728b)  -> (artifact id: '789ddccf0b79f1f027ef508cd687f9ee') in 0.001270 seconds 
========================================================================
Received Prepare
Registering precompiled user dll's ...
Registered in 0.003388 seconds.
Begin MonoManager ReloadAssembly
Symbol file LoadedFromMemory doesn't match image D:\Unity\Projects\SteamNetworkingSockets\Library\PackageCache\com.unity.visualscripting@1.7.6\Editor\VisualScripting.Core\Dependencies\YamlDotNet\Unity.VisualScripting.YamlDotNet.dll
Symbol file LoadedFromMemory doesn't match image D:\Unity\Projects\SteamNetworkingSockets\Library\PackageCache\com.unity.visualscripting@1.7.6\Editor\VisualScripting.Core\Dependencies\DotNetZip\Unity.VisualScripting.IonicZip.dll
Native extension for WindowsStandalone target not found
Refreshing native plugins compatible for Editor in 0.48 ms, found 4 plugins.
Preloading 0 native plugins for Editor in 0.00 ms.
Mono: successfully reloaded assembly
- Completed reload, in  0.832 seconds
Domain Reload Profiling:
	ReloadAssembly (833ms)
		BeginReloadAssembly (110ms)
			ExecutionOrderSort (0ms)
			DisableScriptedObjects (5ms)
			BackupInstance (0ms)
			ReleaseScriptingObjects (0ms)
			CreateAndSetChildDomain (28ms)
		EndReloadAssembly (645ms)
			LoadAssemblies (57ms)
			RebuildTransferFunctionScriptingTraits (0ms)
			SetupTypeCache (226ms)
			ReleaseScriptCaches (1ms)
			RebuildScriptCaches (51ms)
			SetupLoadedEditorAssemblies (252ms)
				LogAssemblyErrors (0ms)
				InitializePlatformSupportModulesInManaged (9ms)
				SetLoadedEditorAssemblies (0ms)
				RefreshPlugins (1ms)
				BeforeProcessingInitializeOnLoad (49ms)
				ProcessInitializeOnLoadAttributes (171ms)
				ProcessInitializeOnLoadMethodAttributes (19ms)
				AfterProcessingInitializeOnLoad (3ms)
				EditorAssembliesLoaded (0ms)
			ExecutionOrderSort2 (0ms)
			AwakeInstancesAfterBackupRestoration (5ms)
Platform modules already initialized, skipping
Refreshing native plugins compatible for Editor in 0.52 ms, found 4 plugins.
Preloading 0 native plugins for Editor in 0.00 ms.
Unloading 3247 Unused Serialized files (Serialized files now loaded: 0)
Unloading 42 unused Assets / (0.7 MB). Loaded Objects now: 3737.
Memory consumption went from 119.3 MB to 118.5 MB.
Total: 3.054900 ms (FindLiveObjects: 0.234900 ms CreateObjectMapping: 0.162000 ms MarkObjects: 2.351100 ms  DeleteObjects: 0.306300 ms)

AssetImportParameters requested are different than current active one (requested -> active):
  custom:video-decoder-ogg-theora: a1e56fd34408186e4bbccfd4996cb3dc -> 
  custom:container-muxer-webm: aa71ff27fc2769a1b78a27578f13a17b -> 
  custom:container-demuxer-webm: 4f35f7cbe854078d1ac9338744f61a02 -> 
  custom:video-encoder-webm-vp8: eb34c28f22e8b96e1ab97ce403110664 -> 
  custom:video-codec-MediaFoundation-h265: 746d11721c4dcdbdad8f713fa42b33f4 -> 
  custom:audio-encoder-webm-vorbis: bf7c407c2cedff20999df2af8eb42d56 -> 
  custom:framework-win-MediaFoundation: 216162199b28c13a410421893ffa2e32 -> 
  custom:container-demuxer-ogg: 62fdf1f143b41e24485cea50d1cbac27 -> 
  custom:video-decoder-webm-vp8: 9c59270c3fd7afecdb556c50c9e8de78 -> 
  custom:audio-decoder-ogg-vorbis: bf7c407c2cedff20999df2af8eb42d56 -> 
========================================================================
Received Import Request.
  Time since last request: 337.497540 seconds.
  path: Assets/Steam Networking/demo/Sky and Fog Settings Profile.asset
  artifactKey: Guid(b729bb9fff278f74a98eed6787587459) Importer(815301076,1909f56bfc062723c751e8b465ee728b)
Start importing Assets/Steam Networking/demo/Sky and Fog Settings Profile.asset using Guid(b729bb9fff278f74a98eed6787587459) Importer(815301076,1909f56bfc062723c751e8b465ee728b)  -> (artifact id: '0df3279774a0d1b4bbfc3f6ea459cc0c') in 0.011644 seconds 
========================================================================
Received Import Request.
  Time since last request: 2.267888 seconds.
  path: Assets/Steam Networking/steam/steamServer.cs
  artifactKey: Guid(99fdaf0ed21449d43bef3e76842be1d1) Importer(815301076,1909f56bfc062723c751e8b465ee728b)
Start importing Assets/Steam Networking/steam/steamServer.cs using Guid(99fdaf0ed21449d43bef3e76842be1d1) Importer(815301076,1909f56bfc062723c751e8b465ee728b)  -> (artifact id: '9b3d12f675f603c9d662a1b56448b9b8') in 0.005592 seconds 
========================================================================
Received Import Request.
  Time since last request: 1.218030 seconds.
  path: Assets/Steam Networking/steam/steamNetworkClient.cs
  artifactKey: Guid(a9dc53d394f6a2247ba29d0d1e5a90ee) Importer(815301076,1909f56bfc062723c751e8b465ee728b)
Start importing Assets/Steam Networking/steam/steamNetworkClient.cs using Guid(a9dc53d394f6a2247ba29d0d1e5a90ee) Importer(815301076,1909f56bfc062723c751e8b465ee728b)  -> (artifact id: '6ae963326ff727520e3b9bf75ab4ab6d') in 0.004337 seconds 
========================================================================
Received Import Request.
  Time since last request: 3.000395 seconds.
  path: Assets/Steam Networking/steam/SteamManager.cs
  artifactKey: Guid(f14045156c571394f9ecd12fa5d77034) Importer(815301076,1909f56bfc062723c751e8b465ee728b)
Start importing Assets/Steam Networking/steam/SteamManager.cs using Guid(f14045156c571394f9ecd12fa5d77034) Importer(815301076,1909f56bfc062723c751e8b465ee728b)  -> (artifact id: 'afcb6ba5408429983ad292a664fa5c8d') in 0.004804 seconds 
========================================================================
Received Import Request.
  Time since last request: 2.484084 seconds.
  path: Assets/Steam Networking/steam/receiveFunc.cs
  artifactKey: Guid(e2ad91ae28cef2b47abac779a302a297) Importer(815301076,1909f56bfc062723c751e8b465ee728b)
Start importing Assets/Steam Networking/steam/receiveFunc.cs using Guid(e2ad91ae28cef2b47abac779a302a297) Importer(815301076,1909f56bfc062723c751e8b465ee728b)  -> (artifact id: 'c363cdf0f35b9d0572645c12934baacd') in 0.005485 seconds 
========================================================================
Received Import Request.
  Time since last request: 41.354529 seconds.
  path: Assets/Steam Networking/steam/SteamManager.cs
  artifactKey: Guid(f14045156c571394f9ecd12fa5d77034) Importer(815301076,1909f56bfc062723c751e8b465ee728b)
Start importing Assets/Steam Networking/steam/SteamManager.cs using Guid(f14045156c571394f9ecd12fa5d77034) Importer(815301076,1909f56bfc062723c751e8b465ee728b)  -> (artifact id: '30954ab2417229b949ee232a96469221') in 0.001350 seconds 
========================================================================
Received Import Request.
  Time since last request: 12.676700 seconds.
  path: Assets/Steam Networking/steam/SteamManager.cs
  artifactKey: Guid(f14045156c571394f9ecd12fa5d77034) Importer(815301076,1909f56bfc062723c751e8b465ee728b)
Start importing Assets/Steam Networking/steam/SteamManager.cs using Guid(f14045156c571394f9ecd12fa5d77034) Importer(815301076,1909f56bfc062723c751e8b465ee728b)  -> (artifact id: '2a62e09e96204fc5c48adc1a760a5228') in 0.001331 seconds 
========================================================================
Received Prepare
Registering precompiled user dll's ...
Registered in 0.003321 seconds.
Begin MonoManager ReloadAssembly
Symbol file LoadedFromMemory doesn't match image D:\Unity\Projects\SteamNetworkingSockets\Library\PackageCache\com.unity.visualscripting@1.7.6\Editor\VisualScripting.Core\Dependencies\YamlDotNet\Unity.VisualScripting.YamlDotNet.dll
Symbol file LoadedFromMemory doesn't match image D:\Unity\Projects\SteamNetworkingSockets\Library\PackageCache\com.unity.visualscripting@1.7.6\Editor\VisualScripting.Core\Dependencies\DotNetZip\Unity.VisualScripting.IonicZip.dll
Native extension for WindowsStandalone target not found
Refreshing native plugins compatible for Editor in 0.53 ms, found 4 plugins.
Preloading 0 native plugins for Editor in 0.00 ms.
Mono: successfully reloaded assembly
- Completed reload, in  0.808 seconds
Domain Reload Profiling:
	ReloadAssembly (808ms)
		BeginReloadAssembly (116ms)
			ExecutionOrderSort (0ms)
			DisableScriptedObjects (5ms)
			BackupInstance (0ms)
			ReleaseScriptingObjects (0ms)
			CreateAndSetChildDomain (28ms)
		EndReloadAssembly (616ms)
			LoadAssemblies (64ms)
			RebuildTransferFunctionScriptingTraits (0ms)
			SetupTypeCache (227ms)
			ReleaseScriptCaches (1ms)
			RebuildScriptCaches (34ms)
			SetupLoadedEditorAssemblies (257ms)
				LogAssemblyErrors (0ms)
				InitializePlatformSupportModulesInManaged (10ms)
				SetLoadedEditorAssemblies (0ms)
				RefreshPlugins (1ms)
				BeforeProcessingInitializeOnLoad (52ms)
				ProcessInitializeOnLoadAttributes (173ms)
				ProcessInitializeOnLoadMethodAttributes (19ms)
				AfterProcessingInitializeOnLoad (3ms)
				EditorAssembliesLoaded (0ms)
			ExecutionOrderSort2 (0ms)
			AwakeInstancesAfterBackupRestoration (5ms)
Platform modules already initialized, skipping
Refreshing native plugins compatible for Editor in 0.49 ms, found 4 plugins.
Preloading 0 native plugins for Editor in 0.00 ms.
Unloading 3247 Unused Serialized files (Serialized files now loaded: 0)
Unloading 42 unused Assets / (0.7 MB). Loaded Objects now: 3739.
Memory consumption went from 119.3 MB to 118.6 MB.
Total: 2.808400 ms (FindLiveObjects: 0.261200 ms CreateObjectMapping: 0.179100 ms MarkObjects: 2.069200 ms  DeleteObjects: 0.297900 ms)

AssetImportParameters requested are different than current active one (requested -> active):
  custom:video-decoder-ogg-theora: a1e56fd34408186e4bbccfd4996cb3dc -> 
  custom:container-muxer-webm: aa71ff27fc2769a1b78a27578f13a17b -> 
  custom:container-demuxer-webm: 4f35f7cbe854078d1ac9338744f61a02 -> 
  custom:video-encoder-webm-vp8: eb34c28f22e8b96e1ab97ce403110664 -> 
  custom:video-codec-MediaFoundation-h265: 746d11721c4dcdbdad8f713fa42b33f4 -> 
  custom:audio-encoder-webm-vorbis: bf7c407c2cedff20999df2af8eb42d56 -> 
  custom:framework-win-MediaFoundation: 216162199b28c13a410421893ffa2e32 -> 
  custom:container-demuxer-ogg: 62fdf1f143b41e24485cea50d1cbac27 -> 
  custom:video-decoder-webm-vp8: 9c59270c3fd7afecdb556c50c9e8de78 -> 
  custom:audio-decoder-ogg-vorbis: bf7c407c2cedff20999df2af8eb42d56 -> 
========================================================================
Received Prepare
Registering precompiled user dll's ...
Registered in 0.004133 seconds.
Begin MonoManager ReloadAssembly
Symbol file LoadedFromMemory doesn't match image D:\Unity\Projects\SteamNetworkingSockets\Library\PackageCache\com.unity.visualscripting@1.7.6\Editor\VisualScripting.Core\Dependencies\YamlDotNet\Unity.VisualScripting.YamlDotNet.dll
Symbol file LoadedFromMemory doesn't match image D:\Unity\Projects\SteamNetworkingSockets\Library\PackageCache\com.unity.visualscripting@1.7.6\Editor\VisualScripting.Core\Dependencies\DotNetZip\Unity.VisualScripting.IonicZip.dll
Native extension for WindowsStandalone target not found
Refreshing native plugins compatible for Editor in 0.50 ms, found 4 plugins.
Preloading 0 native plugins for Editor in 0.00 ms.
Mono: successfully reloaded assembly
- Completed reload, in  0.813 seconds
Domain Reload Profiling:
	ReloadAssembly (814ms)
		BeginReloadAssembly (119ms)
			ExecutionOrderSort (0ms)
			DisableScriptedObjects (5ms)
			BackupInstance (0ms)
			ReleaseScriptingObjects (0ms)
			CreateAndSetChildDomain (27ms)
		EndReloadAssembly (620ms)
			LoadAssemblies (55ms)
			RebuildTransferFunctionScriptingTraits (0ms)
			SetupTypeCache (234ms)
			ReleaseScriptCaches (1ms)
			RebuildScriptCaches (33ms)
			SetupLoadedEditorAssemblies (259ms)
				LogAssemblyErrors (0ms)
				InitializePlatformSupportModulesInManaged (9ms)
				SetLoadedEditorAssemblies (0ms)
				RefreshPlugins (1ms)
				BeforeProcessingInitializeOnLoad (50ms)
				ProcessInitializeOnLoadAttributes (177ms)
				ProcessInitializeOnLoadMethodAttributes (19ms)
				AfterProcessingInitializeOnLoad (2ms)
				EditorAssembliesLoaded (0ms)
			ExecutionOrderSort2 (0ms)
			AwakeInstancesAfterBackupRestoration (5ms)
Platform modules already initialized, skipping
Refreshing native plugins compatible for Editor in 0.51 ms, found 4 plugins.
Preloading 0 native plugins for Editor in 0.00 ms.
Unloading 3247 Unused Serialized files (Serialized files now loaded: 0)
Unloading 42 unused Assets / (0.7 MB). Loaded Objects now: 3741.
Memory consumption went from 119.3 MB to 118.6 MB.
Total: 2.854200 ms (FindLiveObjects: 0.260900 ms CreateObjectMapping: 0.175500 ms MarkObjects: 2.127400 ms  DeleteObjects: 0.289700 ms)

AssetImportParameters requested are different than current active one (requested -> active):
  custom:video-decoder-ogg-theora: a1e56fd34408186e4bbccfd4996cb3dc -> 
  custom:container-muxer-webm: aa71ff27fc2769a1b78a27578f13a17b -> 
  custom:container-demuxer-webm: 4f35f7cbe854078d1ac9338744f61a02 -> 
  custom:video-encoder-webm-vp8: eb34c28f22e8b96e1ab97ce403110664 -> 
  custom:video-codec-MediaFoundation-h265: 746d11721c4dcdbdad8f713fa42b33f4 -> 
  custom:audio-encoder-webm-vorbis: bf7c407c2cedff20999df2af8eb42d56 -> 
  custom:framework-win-MediaFoundation: 216162199b28c13a410421893ffa2e32 -> 
  custom:container-demuxer-ogg: 62fdf1f143b41e24485cea50d1cbac27 -> 
  custom:video-decoder-webm-vp8: 9c59270c3fd7afecdb556c50c9e8de78 -> 
  custom:audio-decoder-ogg-vorbis: bf7c407c2cedff20999df2af8eb42d56 -> 
========================================================================
Received Prepare
Registering precompiled user dll's ...
Registered in 0.003776 seconds.
Begin MonoManager ReloadAssembly
Symbol file LoadedFromMemory doesn't match image D:\Unity\Projects\SteamNetworkingSockets\Library\PackageCache\com.unity.visualscripting@1.7.6\Editor\VisualScripting.Core\Dependencies\YamlDotNet\Unity.VisualScripting.YamlDotNet.dll
Symbol file LoadedFromMemory doesn't match image D:\Unity\Projects\SteamNetworkingSockets\Library\PackageCache\com.unity.visualscripting@1.7.6\Editor\VisualScripting.Core\Dependencies\DotNetZip\Unity.VisualScripting.IonicZip.dll
Native extension for WindowsStandalone target not found
Refreshing native plugins compatible for Editor in 0.51 ms, found 4 plugins.
Preloading 0 native plugins for Editor in 0.00 ms.
Mono: successfully reloaded assembly
- Completed reload, in  0.788 seconds
Domain Reload Profiling:
	ReloadAssembly (789ms)
		BeginReloadAssembly (109ms)
			ExecutionOrderSort (0ms)
			DisableScriptedObjects (5ms)
			BackupInstance (0ms)
			ReleaseScriptingObjects (0ms)
			CreateAndSetChildDomain (27ms)
		EndReloadAssembly (603ms)
			LoadAssemblies (60ms)
			RebuildTransferFunctionScriptingTraits (0ms)
			SetupTypeCache (214ms)
			ReleaseScriptCaches (1ms)
			RebuildScriptCaches (33ms)
			SetupLoadedEditorAssemblies (260ms)
				LogAssemblyErrors (0ms)
				InitializePlatformSupportModulesInManaged (10ms)
				SetLoadedEditorAssemblies (0ms)
				RefreshPlugins (1ms)
				BeforeProcessingInitializeOnLoad (50ms)
				ProcessInitializeOnLoadAttributes (176ms)
				ProcessInitializeOnLoadMethodAttributes (20ms)
				AfterProcessingInitializeOnLoad (2ms)
				EditorAssembliesLoaded (0ms)
			ExecutionOrderSort2 (0ms)
			AwakeInstancesAfterBackupRestoration (5ms)
Platform modules already initialized, skipping
Refreshing native plugins compatible for Editor in 0.51 ms, found 4 plugins.
Preloading 0 native plugins for Editor in 0.00 ms.
Unloading 3247 Unused Serialized files (Serialized files now loaded: 0)
Unloading 42 unused Assets / (0.7 MB). Loaded Objects now: 3743.
Memory consumption went from 119.3 MB to 118.6 MB.
Total: 2.990800 ms (FindLiveObjects: 0.248500 ms CreateObjectMapping: 0.162200 ms MarkObjects: 2.252200 ms  DeleteObjects: 0.327000 ms)

AssetImportParameters requested are different than current active one (requested -> active):
  custom:video-decoder-ogg-theora: a1e56fd34408186e4bbccfd4996cb3dc -> 
  custom:container-muxer-webm: aa71ff27fc2769a1b78a27578f13a17b -> 
  custom:container-demuxer-webm: 4f35f7cbe854078d1ac9338744f61a02 -> 
  custom:video-encoder-webm-vp8: eb34c28f22e8b96e1ab97ce403110664 -> 
  custom:video-codec-MediaFoundation-h265: 746d11721c4dcdbdad8f713fa42b33f4 -> 
  custom:audio-encoder-webm-vorbis: bf7c407c2cedff20999df2af8eb42d56 -> 
  custom:framework-win-MediaFoundation: 216162199b28c13a410421893ffa2e32 -> 
  custom:container-demuxer-ogg: 62fdf1f143b41e24485cea50d1cbac27 -> 
  custom:video-decoder-webm-vp8: 9c59270c3fd7afecdb556c50c9e8de78 -> 
  custom:audio-decoder-ogg-vorbis: bf7c407c2cedff20999df2af8eb42d56 -> 
========================================================================
Received Prepare
Registering precompiled user dll's ...
Registered in 0.004105 seconds.
Begin MonoManager ReloadAssembly
Symbol file LoadedFromMemory doesn't match image D:\Unity\Projects\SteamNetworkingSockets\Library\PackageCache\com.unity.visualscripting@1.7.6\Editor\VisualScripting.Core\Dependencies\YamlDotNet\Unity.VisualScripting.YamlDotNet.dll
Symbol file LoadedFromMemory doesn't match image D:\Unity\Projects\SteamNetworkingSockets\Library\PackageCache\com.unity.visualscripting@1.7.6\Editor\VisualScripting.Core\Dependencies\DotNetZip\Unity.VisualScripting.IonicZip.dll
Native extension for WindowsStandalone target not found
Refreshing native plugins compatible for Editor in 0.54 ms, found 4 plugins.
Preloading 0 native plugins for Editor in 0.00 ms.
Mono: successfully reloaded assembly
- Completed reload, in  0.819 seconds
Domain Reload Profiling:
	ReloadAssembly (819ms)
		BeginReloadAssembly (107ms)
			ExecutionOrderSort (0ms)
			DisableScriptedObjects (7ms)
			BackupInstance (0ms)
			ReleaseScriptingObjects (0ms)
			CreateAndSetChildDomain (27ms)
		EndReloadAssembly (634ms)
			LoadAssemblies (62ms)
			RebuildTransferFunctionScriptingTraits (0ms)
			SetupTypeCache (222ms)
			ReleaseScriptCaches (1ms)
			RebuildScriptCaches (38ms)
			SetupLoadedEditorAssemblies (272ms)
				LogAssemblyErrors (0ms)
				InitializePlatformSupportModulesInManaged (10ms)
				SetLoadedEditorAssemblies (0ms)
				RefreshPlugins (1ms)
				BeforeProcessingInitializeOnLoad (52ms)
				ProcessInitializeOnLoadAttributes (184ms)
				ProcessInitializeOnLoadMethodAttributes (21ms)
				AfterProcessingInitializeOnLoad (3ms)
				EditorAssembliesLoaded (0ms)
			ExecutionOrderSort2 (0ms)
			AwakeInstancesAfterBackupRestoration (7ms)
Platform modules already initialized, skipping
Refreshing native plugins compatible for Editor in 0.55 ms, found 4 plugins.
Preloading 0 native plugins for Editor in 0.00 ms.
Unloading 3247 Unused Serialized files (Serialized files now loaded: 0)
Unloading 42 unused Assets / (0.7 MB). Loaded Objects now: 3745.
Memory consumption went from 119.3 MB to 118.6 MB.
Total: 3.213400 ms (FindLiveObjects: 0.331000 ms CreateObjectMapping: 0.252900 ms MarkObjects: 2.273300 ms  DeleteObjects: 0.355200 ms)

AssetImportParameters requested are different than current active one (requested -> active):
  custom:video-decoder-ogg-theora: a1e56fd34408186e4bbccfd4996cb3dc -> 
  custom:container-muxer-webm: aa71ff27fc2769a1b78a27578f13a17b -> 
  custom:container-demuxer-webm: 4f35f7cbe854078d1ac9338744f61a02 -> 
  custom:video-encoder-webm-vp8: eb34c28f22e8b96e1ab97ce403110664 -> 
  custom:video-codec-MediaFoundation-h265: 746d11721c4dcdbdad8f713fa42b33f4 -> 
  custom:audio-encoder-webm-vorbis: bf7c407c2cedff20999df2af8eb42d56 -> 
  custom:framework-win-MediaFoundation: 216162199b28c13a410421893ffa2e32 -> 
  custom:container-demuxer-ogg: 62fdf1f143b41e24485cea50d1cbac27 -> 
  custom:video-decoder-webm-vp8: 9c59270c3fd7afecdb556c50c9e8de78 -> 
  custom:audio-decoder-ogg-vorbis: bf7c407c2cedff20999df2af8eb42d56 -> 
========================================================================
Received Prepare
Registering precompiled user dll's ...
Registered in 0.003503 seconds.
Begin MonoManager ReloadAssembly
Symbol file LoadedFromMemory doesn't match image D:\Unity\Projects\SteamNetworkingSockets\Library\PackageCache\com.unity.visualscripting@1.7.6\Editor\VisualScripting.Core\Dependencies\YamlDotNet\Unity.VisualScripting.YamlDotNet.dll
Symbol file LoadedFromMemory doesn't match image D:\Unity\Projects\SteamNetworkingSockets\Library\PackageCache\com.unity.visualscripting@1.7.6\Editor\VisualScripting.Core\Dependencies\DotNetZip\Unity.VisualScripting.IonicZip.dll
Native extension for WindowsStandalone target not found
Refreshing native plugins compatible for Editor in 0.49 ms, found 4 plugins.
Preloading 0 native plugins for Editor in 0.00 ms.
Mono: successfully reloaded assembly
- Completed reload, in  0.891 seconds
Domain Reload Profiling:
	ReloadAssembly (891ms)
		BeginReloadAssembly (124ms)
			ExecutionOrderSort (0ms)
			DisableScriptedObjects (7ms)
			BackupInstance (0ms)
			ReleaseScriptingObjects (0ms)
			CreateAndSetChildDomain (29ms)
		EndReloadAssembly (675ms)
			LoadAssemblies (62ms)
			RebuildTransferFunctionScriptingTraits (0ms)
			SetupTypeCache (255ms)
			ReleaseScriptCaches (2ms)
			RebuildScriptCaches (43ms)
			SetupLoadedEditorAssemblies (277ms)
				LogAssemblyErrors (0ms)
				InitializePlatformSupportModulesInManaged (9ms)
				SetLoadedEditorAssemblies (0ms)
				RefreshPlugins (1ms)
				BeforeProcessingInitializeOnLoad (51ms)
				ProcessInitializeOnLoadAttributes (190ms)
				ProcessInitializeOnLoadMethodAttributes (23ms)
				AfterProcessingInitializeOnLoad (3ms)
				EditorAssembliesLoaded (0ms)
			ExecutionOrderSort2 (0ms)
			AwakeInstancesAfterBackupRestoration (5ms)
Platform modules already initialized, skipping
Refreshing native plugins compatible for Editor in 0.51 ms, found 4 plugins.
Preloading 0 native plugins for Editor in 0.00 ms.
Unloading 3248 Unused Serialized files (Serialized files now loaded: 0)
Unloading 42 unused Assets / (0.7 MB). Loaded Objects now: 3748.
Memory consumption went from 119.3 MB to 118.6 MB.
Total: 2.904800 ms (FindLiveObjects: 0.324300 ms CreateObjectMapping: 0.320400 ms MarkObjects: 1.946200 ms  DeleteObjects: 0.313300 ms)

AssetImportParameters requested are different than current active one (requested -> active):
  custom:video-decoder-ogg-theora: a1e56fd34408186e4bbccfd4996cb3dc -> 
  custom:container-muxer-webm: aa71ff27fc2769a1b78a27578f13a17b -> 
  custom:container-demuxer-webm: 4f35f7cbe854078d1ac9338744f61a02 -> 
  custom:video-encoder-webm-vp8: eb34c28f22e8b96e1ab97ce403110664 -> 
  custom:video-codec-MediaFoundation-h265: 746d11721c4dcdbdad8f713fa42b33f4 -> 
  custom:audio-encoder-webm-vorbis: bf7c407c2cedff20999df2af8eb42d56 -> 
  custom:framework-win-MediaFoundation: 216162199b28c13a410421893ffa2e32 -> 
  custom:container-demuxer-ogg: 62fdf1f143b41e24485cea50d1cbac27 -> 
  custom:video-decoder-webm-vp8: 9c59270c3fd7afecdb556c50c9e8de78 -> 
  custom:audio-decoder-ogg-vorbis: bf7c407c2cedff20999df2af8eb42d56 -> 
========================================================================
Received Import Request.
  Time since last request: 434.188632 seconds.
  path: Assets/Steam Networking/Character.cs
  artifactKey: Guid(6bd290c928bfac3498e99ab6d35ef131) Importer(815301076,1909f56bfc062723c751e8b465ee728b)
Start importing Assets/Steam Networking/Character.cs using Guid(6bd290c928bfac3498e99ab6d35ef131) Importer(815301076,1909f56bfc062723c751e8b465ee728b)  -> (artifact id: '72dc9e4aa5fd2cd1b70447c33030650b') in 0.008962 seconds 
========================================================================
Received Import Request.
  Time since last request: 38.667107 seconds.
  path: Assets/Steam Networking/Character.cs
  artifactKey: Guid(6bd290c928bfac3498e99ab6d35ef131) Importer(815301076,1909f56bfc062723c751e8b465ee728b)
Start importing Assets/Steam Networking/Character.cs using Guid(6bd290c928bfac3498e99ab6d35ef131) Importer(815301076,1909f56bfc062723c751e8b465ee728b)  -> (artifact id: '4996eb688764e5417418021db02dd2c7') in 0.001309 seconds 
========================================================================
Received Import Request.
  Time since last request: 0.000938 seconds.
  path: Assets/Steam Networking/Player.prefab
  artifactKey: Guid(aadf2521f678ba444b092364eeb18d1d) Importer(815301076,1909f56bfc062723c751e8b465ee728b)
Start importing Assets/Steam Networking/Player.prefab using Guid(aadf2521f678ba444b092364eeb18d1d) Importer(815301076,1909f56bfc062723c751e8b465ee728b)  -> (artifact id: '4aae366c3a97042c2aee707674545461') in 0.309100 seconds 
========================================================================
Received Import Request.
  Time since last request: 98.755440 seconds.
  path: Assets/Steam Networking/Character.cs
  artifactKey: Guid(6bd290c928bfac3498e99ab6d35ef131) Importer(815301076,1909f56bfc062723c751e8b465ee728b)
Start importing Assets/Steam Networking/Character.cs using Guid(6bd290c928bfac3498e99ab6d35ef131) Importer(815301076,1909f56bfc062723c751e8b465ee728b)  -> (artifact id: '25638c6dd5135ad7bba486c23e2c7077') in 0.001276 seconds 
========================================================================
Received Import Request.
  Time since last request: 0.000853 seconds.
  path: Assets/Steam Networking/Player.prefab
  artifactKey: Guid(aadf2521f678ba444b092364eeb18d1d) Importer(815301076,1909f56bfc062723c751e8b465ee728b)
Start importing Assets/Steam Networking/Player.prefab using Guid(aadf2521f678ba444b092364eeb18d1d) Importer(815301076,1909f56bfc062723c751e8b465ee728b)  -> (artifact id: 'c5acd11976eb63cda43b815745bf3d11') in 0.021974 seconds 
========================================================================
Received Import Request.
  Time since last request: 26.313197 seconds.
  path: Assets/Steam Networking/Character.cs
  artifactKey: Guid(6bd290c928bfac3498e99ab6d35ef131) Importer(815301076,1909f56bfc062723c751e8b465ee728b)
Start importing Assets/Steam Networking/Character.cs using Guid(6bd290c928bfac3498e99ab6d35ef131) Importer(815301076,1909f56bfc062723c751e8b465ee728b)  -> (artifact id: '4d9c307caa382cb7bad201fd53fae2b6') in 0.001285 seconds 
========================================================================
Received Import Request.
  Time since last request: 0.000891 seconds.
  path: Assets/Steam Networking/Player.prefab
  artifactKey: Guid(aadf2521f678ba444b092364eeb18d1d) Importer(815301076,1909f56bfc062723c751e8b465ee728b)
Start importing Assets/Steam Networking/Player.prefab using Guid(aadf2521f678ba444b092364eeb18d1d) Importer(815301076,1909f56bfc062723c751e8b465ee728b)  -> (artifact id: 'c9317e56b92f848f61858bf73cf1771d') in 0.014717 seconds 
========================================================================
Received Import Request.
  Time since last request: 22.142377 seconds.
  path: Assets/Steam Networking/Character.cs
  artifactKey: Guid(6bd290c928bfac3498e99ab6d35ef131) Importer(815301076,1909f56bfc062723c751e8b465ee728b)
Start importing Assets/Steam Networking/Character.cs using Guid(6bd290c928bfac3498e99ab6d35ef131) Importer(815301076,1909f56bfc062723c751e8b465ee728b)  -> (artifact id: '9fd590ffca071f9f9cae66c52c31aabe') in 0.001256 seconds 
========================================================================
Received Import Request.
  Time since last request: 0.001313 seconds.
  path: Assets/Steam Networking/Player.prefab
  artifactKey: Guid(aadf2521f678ba444b092364eeb18d1d) Importer(815301076,1909f56bfc062723c751e8b465ee728b)
Start importing Assets/Steam Networking/Player.prefab using Guid(aadf2521f678ba444b092364eeb18d1d) Importer(815301076,1909f56bfc062723c751e8b465ee728b)  -> (artifact id: 'de523d1061211b3e4ee1a732bcfe7605') in 0.024986 seconds 
========================================================================
Received Import Request.
  Time since last request: 42.075321 seconds.
  path: Assets/Steam Networking/Character.cs
  artifactKey: Guid(6bd290c928bfac3498e99ab6d35ef131) Importer(815301076,1909f56bfc062723c751e8b465ee728b)
Start importing Assets/Steam Networking/Character.cs using Guid(6bd290c928bfac3498e99ab6d35ef131) Importer(815301076,1909f56bfc062723c751e8b465ee728b)  -> (artifact id: '297924960488ec94f27d3cb40801e14f') in 0.001355 seconds 
========================================================================
Received Import Request.
  Time since last request: 0.000133 seconds.
  path: Assets/Steam Networking/Player.prefab
  artifactKey: Guid(aadf2521f678ba444b092364eeb18d1d) Importer(815301076,1909f56bfc062723c751e8b465ee728b)
Start importing Assets/Steam Networking/Player.prefab using Guid(aadf2521f678ba444b092364eeb18d1d) Importer(815301076,1909f56bfc062723c751e8b465ee728b)  -> (artifact id: '4b2d2fa3a7015777fbc65a606686da94') in 0.009916 seconds 
========================================================================
Received Import Request.
  Time since last request: 13.862969 seconds.
  path: Assets/Steam Networking/Character.cs
  artifactKey: Guid(6bd290c928bfac3498e99ab6d35ef131) Importer(815301076,1909f56bfc062723c751e8b465ee728b)
Start importing Assets/Steam Networking/Character.cs using Guid(6bd290c928bfac3498e99ab6d35ef131) Importer(815301076,1909f56bfc062723c751e8b465ee728b)  -> (artifact id: '76b0d13a37bd3795ee80d3f42c895a8f') in 0.001292 seconds 
========================================================================
Received Import Request.
  Time since last request: 0.000859 seconds.
  path: Assets/Steam Networking/Player.prefab
  artifactKey: Guid(aadf2521f678ba444b092364eeb18d1d) Importer(815301076,1909f56bfc062723c751e8b465ee728b)
Start importing Assets/Steam Networking/Player.prefab using Guid(aadf2521f678ba444b092364eeb18d1d) Importer(815301076,1909f56bfc062723c751e8b465ee728b)  -> (artifact id: 'c0f1a0c01bccba39d534c84b0fb375af') in 0.024215 seconds 
========================================================================
Received Import Request.
  Time since last request: 2.024011 seconds.
  path: Assets/Steam Networking/Character.cs
  artifactKey: Guid(6bd290c928bfac3498e99ab6d35ef131) Importer(815301076,1909f56bfc062723c751e8b465ee728b)
Start importing Assets/Steam Networking/Character.cs using Guid(6bd290c928bfac3498e99ab6d35ef131) Importer(815301076,1909f56bfc062723c751e8b465ee728b)  -> (artifact id: '430a1176832a98ad2b2f68e9c631b5e4') in 0.001910 seconds 
========================================================================
Received Import Request.
  Time since last request: 0.000499 seconds.
  path: Assets/Steam Networking/Player.prefab
  artifactKey: Guid(aadf2521f678ba444b092364eeb18d1d) Importer(815301076,1909f56bfc062723c751e8b465ee728b)
Start importing Assets/Steam Networking/Player.prefab using Guid(aadf2521f678ba444b092364eeb18d1d) Importer(815301076,1909f56bfc062723c751e8b465ee728b)  -> (artifact id: '663ccc6c1ac6c54e8b0b4f9a76dd9133') in 0.008737 seconds 
========================================================================
Received Import Request.
  Time since last request: 2.032360 seconds.
  path: Assets/Steam Networking/Character.cs
  artifactKey: Guid(6bd290c928bfac3498e99ab6d35ef131) Importer(815301076,1909f56bfc062723c751e8b465ee728b)
Start importing Assets/Steam Networking/Character.cs using Guid(6bd290c928bfac3498e99ab6d35ef131) Importer(815301076,1909f56bfc062723c751e8b465ee728b)  -> (artifact id: '0f18a53bad6b365f0922142fa8ee4458') in 0.001230 seconds 
========================================================================
Received Import Request.
  Time since last request: 0.002483 seconds.
  path: Assets/Steam Networking/Player.prefab
  artifactKey: Guid(aadf2521f678ba444b092364eeb18d1d) Importer(815301076,1909f56bfc062723c751e8b465ee728b)
Start importing Assets/Steam Networking/Player.prefab using Guid(aadf2521f678ba444b092364eeb18d1d) Importer(815301076,1909f56bfc062723c751e8b465ee728b)  -> (artifact id: '31d539f1bacfb39135e03a491bff0f7d') in 0.012914 seconds 
========================================================================
Received Import Request.
  Time since last request: 31.698734 seconds.
  path: Assets/Steam Networking/Character.cs
  artifactKey: Guid(6bd290c928bfac3498e99ab6d35ef131) Importer(815301076,1909f56bfc062723c751e8b465ee728b)
Start importing Assets/Steam Networking/Character.cs using Guid(6bd290c928bfac3498e99ab6d35ef131) Importer(815301076,1909f56bfc062723c751e8b465ee728b)  -> (artifact id: '58308bb4a20a9801eb628ca78331d48f') in 0.001243 seconds 
========================================================================
Received Import Request.
  Time since last request: 0.001357 seconds.
  path: Assets/Steam Networking/Player.prefab
  artifactKey: Guid(aadf2521f678ba444b092364eeb18d1d) Importer(815301076,1909f56bfc062723c751e8b465ee728b)
Start importing Assets/Steam Networking/Player.prefab using Guid(aadf2521f678ba444b092364eeb18d1d) Importer(815301076,1909f56bfc062723c751e8b465ee728b)  -> (artifact id: 'dd6cf72668bc56da8f31566db72a0430') in 0.008096 seconds 
========================================================================
Received Prepare
Registering precompiled user dll's ...
Registered in 0.004181 seconds.
Begin MonoManager ReloadAssembly
Symbol file LoadedFromMemory doesn't match image D:\Unity\Projects\SteamNetworkingSockets\Library\PackageCache\com.unity.visualscripting@1.7.6\Editor\VisualScripting.Core\Dependencies\YamlDotNet\Unity.VisualScripting.YamlDotNet.dll
Symbol file LoadedFromMemory doesn't match image D:\Unity\Projects\SteamNetworkingSockets\Library\PackageCache\com.unity.visualscripting@1.7.6\Editor\VisualScripting.Core\Dependencies\DotNetZip\Unity.VisualScripting.IonicZip.dll
Native extension for WindowsStandalone target not found
Refreshing native plugins compatible for Editor in 0.53 ms, found 4 plugins.
Preloading 0 native plugins for Editor in 0.00 ms.
Mono: successfully reloaded assembly
- Completed reload, in  0.794 seconds
Domain Reload Profiling:
	ReloadAssembly (795ms)
		BeginReloadAssembly (106ms)
			ExecutionOrderSort (0ms)
			DisableScriptedObjects (4ms)
			BackupInstance (0ms)
			ReleaseScriptingObjects (0ms)
			CreateAndSetChildDomain (30ms)
		EndReloadAssembly (612ms)
			LoadAssemblies (62ms)
			RebuildTransferFunctionScriptingTraits (0ms)
			SetupTypeCache (221ms)
			ReleaseScriptCaches (1ms)
			RebuildScriptCaches (35ms)
			SetupLoadedEditorAssemblies (259ms)
				LogAssemblyErrors (0ms)
				InitializePlatformSupportModulesInManaged (10ms)
				SetLoadedEditorAssemblies (0ms)
				RefreshPlugins (1ms)
				BeforeProcessingInitializeOnLoad (49ms)
				ProcessInitializeOnLoadAttributes (177ms)
				ProcessInitializeOnLoadMethodAttributes (20ms)
				AfterProcessingInitializeOnLoad (3ms)
				EditorAssembliesLoaded (0ms)
			ExecutionOrderSort2 (0ms)
			AwakeInstancesAfterBackupRestoration (5ms)
Platform modules already initialized, skipping
Refreshing native plugins compatible for Editor in 0.53 ms, found 4 plugins.
Preloading 0 native plugins for Editor in 0.00 ms.
Unloading 3248 Unused Serialized files (Serialized files now loaded: 0)
Unloading 42 unused Assets / (0.7 MB). Loaded Objects now: 3750.
Memory consumption went from 119.4 MB to 118.7 MB.
Total: 3.205500 ms (FindLiveObjects: 0.309300 ms CreateObjectMapping: 0.220100 ms MarkObjects: 2.305500 ms  DeleteObjects: 0.369800 ms)

AssetImportParameters requested are different than current active one (requested -> active):
  custom:video-decoder-ogg-theora: a1e56fd34408186e4bbccfd4996cb3dc -> 
  custom:container-muxer-webm: aa71ff27fc2769a1b78a27578f13a17b -> 
  custom:container-demuxer-webm: 4f35f7cbe854078d1ac9338744f61a02 -> 
  custom:video-encoder-webm-vp8: eb34c28f22e8b96e1ab97ce403110664 -> 
  custom:video-codec-MediaFoundation-h265: 746d11721c4dcdbdad8f713fa42b33f4 -> 
  custom:audio-encoder-webm-vorbis: bf7c407c2cedff20999df2af8eb42d56 -> 
  custom:framework-win-MediaFoundation: 216162199b28c13a410421893ffa2e32 -> 
  custom:container-demuxer-ogg: 62fdf1f143b41e24485cea50d1cbac27 -> 
  custom:video-decoder-webm-vp8: 9c59270c3fd7afecdb556c50c9e8de78 -> 
  custom:audio-decoder-ogg-vorbis: bf7c407c2cedff20999df2af8eb42d56 -> 
========================================================================
Received Prepare
Registering precompiled user dll's ...
Registered in 0.003270 seconds.
Begin MonoManager ReloadAssembly
Symbol file LoadedFromMemory doesn't match image D:\Unity\Projects\SteamNetworkingSockets\Library\PackageCache\com.unity.visualscripting@1.7.6\Editor\VisualScripting.Core\Dependencies\YamlDotNet\Unity.VisualScripting.YamlDotNet.dll
Symbol file LoadedFromMemory doesn't match image D:\Unity\Projects\SteamNetworkingSockets\Library\PackageCache\com.unity.visualscripting@1.7.6\Editor\VisualScripting.Core\Dependencies\DotNetZip\Unity.VisualScripting.IonicZip.dll
Native extension for WindowsStandalone target not found
Refreshing native plugins compatible for Editor in 0.52 ms, found 4 plugins.
Preloading 0 native plugins for Editor in 0.00 ms.
Mono: successfully reloaded assembly
- Completed reload, in  0.819 seconds
Domain Reload Profiling:
	ReloadAssembly (819ms)
		BeginReloadAssembly (114ms)
			ExecutionOrderSort (0ms)
			DisableScriptedObjects (5ms)
			BackupInstance (0ms)
			ReleaseScriptingObjects (0ms)
			CreateAndSetChildDomain (27ms)
		EndReloadAssembly (623ms)
			LoadAssemblies (63ms)
			RebuildTransferFunctionScriptingTraits (0ms)
			SetupTypeCache (225ms)
			ReleaseScriptCaches (1ms)
			RebuildScriptCaches (36ms)
			SetupLoadedEditorAssemblies (265ms)
				LogAssemblyErrors (0ms)
				InitializePlatformSupportModulesInManaged (10ms)
				SetLoadedEditorAssemblies (0ms)
				RefreshPlugins (1ms)
				BeforeProcessingInitializeOnLoad (50ms)
				ProcessInitializeOnLoadAttributes (182ms)
				ProcessInitializeOnLoadMethodAttributes (20ms)
				AfterProcessingInitializeOnLoad (2ms)
				EditorAssembliesLoaded (0ms)
			ExecutionOrderSort2 (0ms)
			AwakeInstancesAfterBackupRestoration (5ms)
Platform modules already initialized, skipping
Refreshing native plugins compatible for Editor in 0.57 ms, found 4 plugins.
Preloading 0 native plugins for Editor in 0.00 ms.
Unloading 3248 Unused Serialized files (Serialized files now loaded: 0)
Unloading 42 unused Assets / (0.7 MB). Loaded Objects now: 3752.
Memory consumption went from 119.4 MB to 118.7 MB.
Total: 3.243400 ms (FindLiveObjects: 0.274000 ms CreateObjectMapping: 0.196100 ms MarkObjects: 2.417200 ms  DeleteObjects: 0.355000 ms)

AssetImportParameters requested are different than current active one (requested -> active):
  custom:video-decoder-ogg-theora: a1e56fd34408186e4bbccfd4996cb3dc -> 
  custom:container-muxer-webm: aa71ff27fc2769a1b78a27578f13a17b -> 
  custom:container-demuxer-webm: 4f35f7cbe854078d1ac9338744f61a02 -> 
  custom:video-encoder-webm-vp8: eb34c28f22e8b96e1ab97ce403110664 -> 
  custom:video-codec-MediaFoundation-h265: 746d11721c4dcdbdad8f713fa42b33f4 -> 
  custom:audio-encoder-webm-vorbis: bf7c407c2cedff20999df2af8eb42d56 -> 
  custom:framework-win-MediaFoundation: 216162199b28c13a410421893ffa2e32 -> 
  custom:container-demuxer-ogg: 62fdf1f143b41e24485cea50d1cbac27 -> 
  custom:video-decoder-webm-vp8: 9c59270c3fd7afecdb556c50c9e8de78 -> 
  custom:audio-decoder-ogg-vorbis: bf7c407c2cedff20999df2af8eb42d56 -> 
========================================================================
Received Import Request.
  Time since last request: 60.997803 seconds.
  path: Assets/Steam Networking/Player.prefab
  artifactKey: Guid(aadf2521f678ba444b092364eeb18d1d) Importer(815301076,1909f56bfc062723c751e8b465ee728b)
Start importing Assets/Steam Networking/Player.prefab using Guid(aadf2521f678ba444b092364eeb18d1d) Importer(815301076,1909f56bfc062723c751e8b465ee728b)  -> (artifact id: '9c4a7e01bc3352f07993e8d33546278d') in 0.066524 seconds 
========================================================================
Received Prepare
Registering precompiled user dll's ...
Registered in 0.003437 seconds.
Begin MonoManager ReloadAssembly
Symbol file LoadedFromMemory doesn't match image D:\Unity\Projects\SteamNetworkingSockets\Library\PackageCache\com.unity.visualscripting@1.7.6\Editor\VisualScripting.Core\Dependencies\YamlDotNet\Unity.VisualScripting.YamlDotNet.dll
Symbol file LoadedFromMemory doesn't match image D:\Unity\Projects\SteamNetworkingSockets\Library\PackageCache\com.unity.visualscripting@1.7.6\Editor\VisualScripting.Core\Dependencies\DotNetZip\Unity.VisualScripting.IonicZip.dll
Native extension for WindowsStandalone target not found
Refreshing native plugins compatible for Editor in 0.53 ms, found 4 plugins.
Preloading 0 native plugins for Editor in 0.00 ms.
Mono: successfully reloaded assembly
- Completed reload, in  0.834 seconds
Domain Reload Profiling:
	ReloadAssembly (834ms)
		BeginReloadAssembly (120ms)
			ExecutionOrderSort (0ms)
			DisableScriptedObjects (4ms)
			BackupInstance (0ms)
			ReleaseScriptingObjects (0ms)
			CreateAndSetChildDomain (29ms)
		EndReloadAssembly (638ms)
			LoadAssemblies (65ms)
			RebuildTransferFunctionScriptingTraits (0ms)
			SetupTypeCache (234ms)
			ReleaseScriptCaches (2ms)
			RebuildScriptCaches (35ms)
			SetupLoadedEditorAssemblies (264ms)
				LogAssemblyErrors (0ms)
				InitializePlatformSupportModulesInManaged (10ms)
				SetLoadedEditorAssemblies (0ms)
				RefreshPlugins (1ms)
				BeforeProcessingInitializeOnLoad (51ms)
				ProcessInitializeOnLoadAttributes (180ms)
				ProcessInitializeOnLoadMethodAttributes (19ms)
				AfterProcessingInitializeOnLoad (2ms)
				EditorAssembliesLoaded (0ms)
			ExecutionOrderSort2 (0ms)
			AwakeInstancesAfterBackupRestoration (5ms)
Platform modules already initialized, skipping
Refreshing native plugins compatible for Editor in 0.54 ms, found 4 plugins.
Preloading 0 native plugins for Editor in 0.00 ms.
Unloading 3248 Unused Serialized files (Serialized files now loaded: 0)
Unloading 42 unused Assets / (0.7 MB). Loaded Objects now: 3754.
Memory consumption went from 119.4 MB to 118.7 MB.
Total: 2.760600 ms (FindLiveObjects: 0.259600 ms CreateObjectMapping: 0.180700 ms MarkObjects: 2.022100 ms  DeleteObjects: 0.297200 ms)

AssetImportParameters requested are different than current active one (requested -> active):
  custom:video-decoder-ogg-theora: a1e56fd34408186e4bbccfd4996cb3dc -> 
  custom:container-muxer-webm: aa71ff27fc2769a1b78a27578f13a17b -> 
  custom:container-demuxer-webm: 4f35f7cbe854078d1ac9338744f61a02 -> 
  custom:video-encoder-webm-vp8: eb34c28f22e8b96e1ab97ce403110664 -> 
  custom:video-codec-MediaFoundation-h265: 746d11721c4dcdbdad8f713fa42b33f4 -> 
  custom:audio-encoder-webm-vorbis: bf7c407c2cedff20999df2af8eb42d56 -> 
  custom:framework-win-MediaFoundation: 216162199b28c13a410421893ffa2e32 -> 
  custom:container-demuxer-ogg: 62fdf1f143b41e24485cea50d1cbac27 -> 
  custom:video-decoder-webm-vp8: 9c59270c3fd7afecdb556c50c9e8de78 -> 
  custom:audio-decoder-ogg-vorbis: bf7c407c2cedff20999df2af8eb42d56 -> 
========================================================================
Received Prepare
Registering precompiled user dll's ...
Registered in 0.004243 seconds.
Begin MonoManager ReloadAssembly
Symbol file LoadedFromMemory doesn't match image D:\Unity\Projects\SteamNetworkingSockets\Library\PackageCache\com.unity.visualscripting@1.7.6\Editor\VisualScripting.Core\Dependencies\YamlDotNet\Unity.VisualScripting.YamlDotNet.dll
Symbol file LoadedFromMemory doesn't match image D:\Unity\Projects\SteamNetworkingSockets\Library\PackageCache\com.unity.visualscripting@1.7.6\Editor\VisualScripting.Core\Dependencies\DotNetZip\Unity.VisualScripting.IonicZip.dll
Native extension for WindowsStandalone target not found
Refreshing native plugins compatible for Editor in 0.53 ms, found 4 plugins.
Preloading 0 native plugins for Editor in 0.00 ms.
Mono: successfully reloaded assembly
- Completed reload, in  0.838 seconds
Domain Reload Profiling:
	ReloadAssembly (838ms)
		BeginReloadAssembly (134ms)
			ExecutionOrderSort (0ms)
			DisableScriptedObjects (5ms)
			BackupInstance (0ms)
			ReleaseScriptingObjects (0ms)
			CreateAndSetChildDomain (32ms)
		EndReloadAssembly (622ms)
			LoadAssemblies (62ms)
			RebuildTransferFunctionScriptingTraits (0ms)
			SetupTypeCache (223ms)
			ReleaseScriptCaches (1ms)
			RebuildScriptCaches (34ms)
			SetupLoadedEditorAssemblies (269ms)
				LogAssemblyErrors (0ms)
				InitializePlatformSupportModulesInManaged (10ms)
				SetLoadedEditorAssemblies (0ms)
				RefreshPlugins (1ms)
				BeforeProcessingInitializeOnLoad (52ms)
				ProcessInitializeOnLoadAttributes (183ms)
				ProcessInitializeOnLoadMethodAttributes (20ms)
				AfterProcessingInitializeOnLoad (2ms)
				EditorAssembliesLoaded (0ms)
			ExecutionOrderSort2 (0ms)
			AwakeInstancesAfterBackupRestoration (6ms)
Platform modules already initialized, skipping
Refreshing native plugins compatible for Editor in 0.60 ms, found 4 plugins.
Preloading 0 native plugins for Editor in 0.00 ms.
Unloading 3248 Unused Serialized files (Serialized files now loaded: 0)
Unloading 42 unused Assets / (0.7 MB). Loaded Objects now: 3756.
Memory consumption went from 119.4 MB to 118.7 MB.
Total: 2.727900 ms (FindLiveObjects: 0.284800 ms CreateObjectMapping: 0.207400 ms MarkObjects: 1.948800 ms  DeleteObjects: 0.286100 ms)

AssetImportParameters requested are different than current active one (requested -> active):
  custom:video-decoder-ogg-theora: a1e56fd34408186e4bbccfd4996cb3dc -> 
  custom:container-muxer-webm: aa71ff27fc2769a1b78a27578f13a17b -> 
  custom:container-demuxer-webm: 4f35f7cbe854078d1ac9338744f61a02 -> 
  custom:video-encoder-webm-vp8: eb34c28f22e8b96e1ab97ce403110664 -> 
  custom:video-codec-MediaFoundation-h265: 746d11721c4dcdbdad8f713fa42b33f4 -> 
  custom:audio-encoder-webm-vorbis: bf7c407c2cedff20999df2af8eb42d56 -> 
  custom:framework-win-MediaFoundation: 216162199b28c13a410421893ffa2e32 -> 
  custom:container-demuxer-ogg: 62fdf1f143b41e24485cea50d1cbac27 -> 
  custom:video-decoder-webm-vp8: 9c59270c3fd7afecdb556c50c9e8de78 -> 
  custom:audio-decoder-ogg-vorbis: bf7c407c2cedff20999df2af8eb42d56 -> 
========================================================================
Received Import Request.
  Time since last request: 71.518886 seconds.
  path: Assets/Steam Networking/Player.prefab
  artifactKey: Guid(aadf2521f678ba444b092364eeb18d1d) Importer(815301076,1909f56bfc062723c751e8b465ee728b)
Start importing Assets/Steam Networking/Player.prefab using Guid(aadf2521f678ba444b092364eeb18d1d) Importer(815301076,1909f56bfc062723c751e8b465ee728b)  -> (artifact id: '28e81277d56ced8acd962af7ebd0dd67') in 0.073533 seconds 
========================================================================
Received Import Request.
  Time since last request: 1.301060 seconds.
  path: Assets/Steam Networking/Player.prefab
  artifactKey: Guid(aadf2521f678ba444b092364eeb18d1d) Importer(815301076,1909f56bfc062723c751e8b465ee728b)
Start importing Assets/Steam Networking/Player.prefab using Guid(aadf2521f678ba444b092364eeb18d1d) Importer(815301076,1909f56bfc062723c751e8b465ee728b)  -> (artifact id: '3c25ff684c5d846c4ec223cdc807df55') in 0.006934 seconds 
========================================================================
Received Import Request.
  Time since last request: 2.442897 seconds.
  path: Assets/Steam Networking/Player.prefab
  artifactKey: Guid(aadf2521f678ba444b092364eeb18d1d) Importer(815301076,1909f56bfc062723c751e8b465ee728b)
Start importing Assets/Steam Networking/Player.prefab using Guid(aadf2521f678ba444b092364eeb18d1d) Importer(815301076,1909f56bfc062723c751e8b465ee728b)  -> (artifact id: '34418a5ac5eb3672bcab2642a77dafc4') in 0.025189 seconds 
========================================================================
Received Import Request.
  Time since last request: 7.277479 seconds.
  path: Assets/Steam Networking/Player.prefab
  artifactKey: Guid(aadf2521f678ba444b092364eeb18d1d) Importer(815301076,1909f56bfc062723c751e8b465ee728b)
Start importing Assets/Steam Networking/Player.prefab using Guid(aadf2521f678ba444b092364eeb18d1d) Importer(815301076,1909f56bfc062723c751e8b465ee728b)  -> (artifact id: '237936f57d5aec851c481ab78b9f304d') in 0.008645 seconds 
========================================================================
Received Prepare
Registering precompiled user dll's ...
Registered in 0.003296 seconds.
Begin MonoManager ReloadAssembly
Symbol file LoadedFromMemory doesn't match image D:\Unity\Projects\SteamNetworkingSockets\Library\PackageCache\com.unity.visualscripting@1.7.6\Editor\VisualScripting.Core\Dependencies\YamlDotNet\Unity.VisualScripting.YamlDotNet.dll
Symbol file LoadedFromMemory doesn't match image D:\Unity\Projects\SteamNetworkingSockets\Library\PackageCache\com.unity.visualscripting@1.7.6\Editor\VisualScripting.Core\Dependencies\DotNetZip\Unity.VisualScripting.IonicZip.dll
Native extension for WindowsStandalone target not found
Refreshing native plugins compatible for Editor in 0.51 ms, found 4 plugins.
Preloading 0 native plugins for Editor in 0.00 ms.
Mono: successfully reloaded assembly
- Completed reload, in  0.811 seconds
Domain Reload Profiling:
	ReloadAssembly (812ms)
		BeginReloadAssembly (111ms)
			ExecutionOrderSort (0ms)
			DisableScriptedObjects (5ms)
			BackupInstance (0ms)
			ReleaseScriptingObjects (0ms)
			CreateAndSetChildDomain (30ms)
		EndReloadAssembly (625ms)
			LoadAssemblies (63ms)
			RebuildTransferFunctionScriptingTraits (0ms)
			SetupTypeCache (225ms)
			ReleaseScriptCaches (1ms)
			RebuildScriptCaches (35ms)
			SetupLoadedEditorAssemblies (266ms)
				LogAssemblyErrors (0ms)
				InitializePlatformSupportModulesInManaged (10ms)
				SetLoadedEditorAssemblies (0ms)
				RefreshPlugins (1ms)
				BeforeProcessingInitializeOnLoad (51ms)
				ProcessInitializeOnLoadAttributes (181ms)
				ProcessInitializeOnLoadMethodAttributes (21ms)
				AfterProcessingInitializeOnLoad (3ms)
				EditorAssembliesLoaded (0ms)
			ExecutionOrderSort2 (0ms)
			AwakeInstancesAfterBackupRestoration (5ms)
Platform modules already initialized, skipping
Refreshing native plugins compatible for Editor in 0.66 ms, found 4 plugins.
Preloading 0 native plugins for Editor in 0.00 ms.
Unloading 3248 Unused Serialized files (Serialized files now loaded: 0)
Unloading 42 unused Assets / (0.7 MB). Loaded Objects now: 3758.
Memory consumption went from 119.4 MB to 118.7 MB.
Total: 2.880500 ms (FindLiveObjects: 0.254000 ms CreateObjectMapping: 0.175000 ms MarkObjects: 2.157200 ms  DeleteObjects: 0.293400 ms)

AssetImportParameters requested are different than current active one (requested -> active):
  custom:video-decoder-ogg-theora: a1e56fd34408186e4bbccfd4996cb3dc -> 
  custom:container-muxer-webm: aa71ff27fc2769a1b78a27578f13a17b -> 
  custom:container-demuxer-webm: 4f35f7cbe854078d1ac9338744f61a02 -> 
  custom:video-encoder-webm-vp8: eb34c28f22e8b96e1ab97ce403110664 -> 
  custom:video-codec-MediaFoundation-h265: 746d11721c4dcdbdad8f713fa42b33f4 -> 
  custom:audio-encoder-webm-vorbis: bf7c407c2cedff20999df2af8eb42d56 -> 
  custom:framework-win-MediaFoundation: 216162199b28c13a410421893ffa2e32 -> 
  custom:container-demuxer-ogg: 62fdf1f143b41e24485cea50d1cbac27 -> 
  custom:video-decoder-webm-vp8: 9c59270c3fd7afecdb556c50c9e8de78 -> 
  custom:audio-decoder-ogg-vorbis: bf7c407c2cedff20999df2af8eb42d56 -> 
========================================================================
Received Import Request.
  Time since last request: 3.860011 seconds.
  path: Assets/Steam Networking/Player.prefab
  artifactKey: Guid(aadf2521f678ba444b092364eeb18d1d) Importer(815301076,1909f56bfc062723c751e8b465ee728b)
Start importing Assets/Steam Networking/Player.prefab using Guid(aadf2521f678ba444b092364eeb18d1d) Importer(815301076,1909f56bfc062723c751e8b465ee728b)  -> (artifact id: '69e7376cbc8b20133af05ca2c9b5ae3c') in 0.060877 seconds 
========================================================================
Received Import Request.
  Time since last request: 8.330558 seconds.
  path: Assets/Steam Networking/Player.prefab
  artifactKey: Guid(aadf2521f678ba444b092364eeb18d1d) Importer(815301076,1909f56bfc062723c751e8b465ee728b)
Start importing Assets/Steam Networking/Player.prefab using Guid(aadf2521f678ba444b092364eeb18d1d) Importer(815301076,1909f56bfc062723c751e8b465ee728b)  -> (artifact id: '0ca7dad87e66f9cb5b86ddeebcc7f1b8') in 0.009484 seconds 
========================================================================
Received Prepare
Registering precompiled user dll's ...
Registered in 0.003470 seconds.
Begin MonoManager ReloadAssembly
Symbol file LoadedFromMemory doesn't match image D:\Unity\Projects\SteamNetworkingSockets\Library\PackageCache\com.unity.visualscripting@1.7.6\Editor\VisualScripting.Core\Dependencies\YamlDotNet\Unity.VisualScripting.YamlDotNet.dll
Symbol file LoadedFromMemory doesn't match image D:\Unity\Projects\SteamNetworkingSockets\Library\PackageCache\com.unity.visualscripting@1.7.6\Editor\VisualScripting.Core\Dependencies\DotNetZip\Unity.VisualScripting.IonicZip.dll
Native extension for WindowsStandalone target not found
Refreshing native plugins compatible for Editor in 0.47 ms, found 4 plugins.
Preloading 0 native plugins for Editor in 0.00 ms.
Mono: successfully reloaded assembly
- Completed reload, in  0.822 seconds
Domain Reload Profiling:
	ReloadAssembly (822ms)
		BeginReloadAssembly (115ms)
			ExecutionOrderSort (0ms)
			DisableScriptedObjects (4ms)
			BackupInstance (0ms)
			ReleaseScriptingObjects (0ms)
			CreateAndSetChildDomain (29ms)
		EndReloadAssembly (630ms)
			LoadAssemblies (63ms)
			RebuildTransferFunctionScriptingTraits (0ms)
			SetupTypeCache (226ms)
			ReleaseScriptCaches (1ms)
			RebuildScriptCaches (35ms)
			SetupLoadedEditorAssemblies (269ms)
				LogAssemblyErrors (0ms)
				InitializePlatformSupportModulesInManaged (11ms)
				SetLoadedEditorAssemblies (0ms)
				RefreshPlugins (1ms)
				BeforeProcessingInitializeOnLoad (52ms)
				ProcessInitializeOnLoadAttributes (183ms)
				ProcessInitializeOnLoadMethodAttributes (19ms)
				AfterProcessingInitializeOnLoad (3ms)
				EditorAssembliesLoaded (0ms)
			ExecutionOrderSort2 (0ms)
			AwakeInstancesAfterBackupRestoration (5ms)
Platform modules already initialized, skipping
Refreshing native plugins compatible for Editor in 0.54 ms, found 4 plugins.
Preloading 0 native plugins for Editor in 0.00 ms.
Unloading 3248 Unused Serialized files (Serialized files now loaded: 0)
Unloading 42 unused Assets / (0.7 MB). Loaded Objects now: 3760.
Memory consumption went from 119.4 MB to 118.7 MB.
Total: 2.709800 ms (FindLiveObjects: 0.277100 ms CreateObjectMapping: 0.196100 ms MarkObjects: 1.940100 ms  DeleteObjects: 0.295100 ms)

AssetImportParameters requested are different than current active one (requested -> active):
  custom:video-decoder-ogg-theora: a1e56fd34408186e4bbccfd4996cb3dc -> 
  custom:container-muxer-webm: aa71ff27fc2769a1b78a27578f13a17b -> 
  custom:container-demuxer-webm: 4f35f7cbe854078d1ac9338744f61a02 -> 
  custom:video-encoder-webm-vp8: eb34c28f22e8b96e1ab97ce403110664 -> 
  custom:video-codec-MediaFoundation-h265: 746d11721c4dcdbdad8f713fa42b33f4 -> 
  custom:audio-encoder-webm-vorbis: bf7c407c2cedff20999df2af8eb42d56 -> 
  custom:framework-win-MediaFoundation: 216162199b28c13a410421893ffa2e32 -> 
  custom:container-demuxer-ogg: 62fdf1f143b41e24485cea50d1cbac27 -> 
  custom:video-decoder-webm-vp8: 9c59270c3fd7afecdb556c50c9e8de78 -> 
  custom:audio-decoder-ogg-vorbis: bf7c407c2cedff20999df2af8eb42d56 -> 
========================================================================
Received Import Request.
  Time since last request: 4.142872 seconds.
  path: Assets/Steam Networking/Player.prefab
  artifactKey: Guid(aadf2521f678ba444b092364eeb18d1d) Importer(815301076,1909f56bfc062723c751e8b465ee728b)
Start importing Assets/Steam Networking/Player.prefab using Guid(aadf2521f678ba444b092364eeb18d1d) Importer(815301076,1909f56bfc062723c751e8b465ee728b)  -> (artifact id: '76ed12b2d696ea9eb8099467db26895f') in 0.061917 seconds 
========================================================================
Received Import Request.
  Time since last request: 15.411239 seconds.
  path: Assets/Steam Networking/Player.prefab
  artifactKey: Guid(aadf2521f678ba444b092364eeb18d1d) Importer(815301076,1909f56bfc062723c751e8b465ee728b)
Start importing Assets/Steam Networking/Player.prefab using Guid(aadf2521f678ba444b092364eeb18d1d) Importer(815301076,1909f56bfc062723c751e8b465ee728b)  -> (artifact id: '7208c747b298bef930bba1860e1f7c8e') in 0.007171 seconds 
========================================================================
Received Prepare
Registering precompiled user dll's ...
Registered in 0.003400 seconds.
Begin MonoManager ReloadAssembly
Symbol file LoadedFromMemory doesn't match image D:\Unity\Projects\SteamNetworkingSockets\Library\PackageCache\com.unity.visualscripting@1.7.6\Editor\VisualScripting.Core\Dependencies\YamlDotNet\Unity.VisualScripting.YamlDotNet.dll
Symbol file LoadedFromMemory doesn't match image D:\Unity\Projects\SteamNetworkingSockets\Library\PackageCache\com.unity.visualscripting@1.7.6\Editor\VisualScripting.Core\Dependencies\DotNetZip\Unity.VisualScripting.IonicZip.dll
Native extension for WindowsStandalone target not found
Refreshing native plugins compatible for Editor in 0.55 ms, found 4 plugins.
Preloading 0 native plugins for Editor in 0.00 ms.
Mono: successfully reloaded assembly
- Completed reload, in  0.827 seconds
Domain Reload Profiling:
	ReloadAssembly (828ms)
		BeginReloadAssembly (112ms)
			ExecutionOrderSort (0ms)
			DisableScriptedObjects (4ms)
			BackupInstance (0ms)
			ReleaseScriptingObjects (0ms)
			CreateAndSetChildDomain (30ms)
		EndReloadAssembly (638ms)
			LoadAssemblies (62ms)
			RebuildTransferFunctionScriptingTraits (0ms)
			SetupTypeCache (235ms)
			ReleaseScriptCaches (1ms)
			RebuildScriptCaches (38ms)
			SetupLoadedEditorAssemblies (263ms)
				LogAssemblyErrors (0ms)
				InitializePlatformSupportModulesInManaged (11ms)
				SetLoadedEditorAssemblies (0ms)
				RefreshPlugins (1ms)
				BeforeProcessingInitializeOnLoad (54ms)
				ProcessInitializeOnLoadAttributes (177ms)
				ProcessInitializeOnLoadMethodAttributes (18ms)
				AfterProcessingInitializeOnLoad (2ms)
				EditorAssembliesLoaded (0ms)
			ExecutionOrderSort2 (0ms)
			AwakeInstancesAfterBackupRestoration (5ms)
Platform modules already initialized, skipping
Refreshing native plugins compatible for Editor in 0.52 ms, found 4 plugins.
Preloading 0 native plugins for Editor in 0.00 ms.
Unloading 3248 Unused Serialized files (Serialized files now loaded: 0)
Unloading 42 unused Assets / (0.7 MB). Loaded Objects now: 3762.
Memory consumption went from 119.5 MB to 118.7 MB.
Total: 2.875400 ms (FindLiveObjects: 0.267200 ms CreateObjectMapping: 0.182000 ms MarkObjects: 2.089800 ms  DeleteObjects: 0.335600 ms)

AssetImportParameters requested are different than current active one (requested -> active):
  custom:video-decoder-ogg-theora: a1e56fd34408186e4bbccfd4996cb3dc -> 
  custom:container-muxer-webm: aa71ff27fc2769a1b78a27578f13a17b -> 
  custom:container-demuxer-webm: 4f35f7cbe854078d1ac9338744f61a02 -> 
  custom:video-encoder-webm-vp8: eb34c28f22e8b96e1ab97ce403110664 -> 
  custom:video-codec-MediaFoundation-h265: 746d11721c4dcdbdad8f713fa42b33f4 -> 
  custom:audio-encoder-webm-vorbis: bf7c407c2cedff20999df2af8eb42d56 -> 
  custom:framework-win-MediaFoundation: 216162199b28c13a410421893ffa2e32 -> 
  custom:container-demuxer-ogg: 62fdf1f143b41e24485cea50d1cbac27 -> 
  custom:video-decoder-webm-vp8: 9c59270c3fd7afecdb556c50c9e8de78 -> 
  custom:audio-decoder-ogg-vorbis: bf7c407c2cedff20999df2af8eb42d56 -> 
========================================================================
Received Import Request.
  Time since last request: 4.503551 seconds.
  path: Assets/Steam Networking/Player.prefab
  artifactKey: Guid(aadf2521f678ba444b092364eeb18d1d) Importer(815301076,1909f56bfc062723c751e8b465ee728b)
Start importing Assets/Steam Networking/Player.prefab using Guid(aadf2521f678ba444b092364eeb18d1d) Importer(815301076,1909f56bfc062723c751e8b465ee728b)  -> (artifact id: '2688b2c351daf037f963536ef2a7c925') in 0.060056 seconds 
========================================================================
Received Prepare
Registering precompiled user dll's ...
Registered in 0.003409 seconds.
Begin MonoManager ReloadAssembly
Symbol file LoadedFromMemory doesn't match image D:\Unity\Projects\SteamNetworkingSockets\Library\PackageCache\com.unity.visualscripting@1.7.6\Editor\VisualScripting.Core\Dependencies\YamlDotNet\Unity.VisualScripting.YamlDotNet.dll
Symbol file LoadedFromMemory doesn't match image D:\Unity\Projects\SteamNetworkingSockets\Library\PackageCache\com.unity.visualscripting@1.7.6\Editor\VisualScripting.Core\Dependencies\DotNetZip\Unity.VisualScripting.IonicZip.dll
Native extension for WindowsStandalone target not found
Refreshing native plugins compatible for Editor in 0.51 ms, found 4 plugins.
Preloading 0 native plugins for Editor in 0.00 ms.
Mono: successfully reloaded assembly
- Completed reload, in  0.824 seconds
Domain Reload Profiling:
	ReloadAssembly (825ms)
		BeginReloadAssembly (118ms)
			ExecutionOrderSort (0ms)
			DisableScriptedObjects (5ms)
			BackupInstance (0ms)
			ReleaseScriptingObjects (0ms)
			CreateAndSetChildDomain (30ms)
		EndReloadAssembly (627ms)
			LoadAssemblies (63ms)
			RebuildTransferFunctionScriptingTraits (0ms)
			SetupTypeCache (226ms)
			ReleaseScriptCaches (1ms)
			RebuildScriptCaches (34ms)
			SetupLoadedEditorAssemblies (270ms)
				LogAssemblyErrors (0ms)
				InitializePlatformSupportModulesInManaged (10ms)
				SetLoadedEditorAssemblies (0ms)
				RefreshPlugins (1ms)
				BeforeProcessingInitializeOnLoad (51ms)
				ProcessInitializeOnLoadAttributes (184ms)
				ProcessInitializeOnLoadMethodAttributes (22ms)
				AfterProcessingInitializeOnLoad (2ms)
				EditorAssembliesLoaded (0ms)
			ExecutionOrderSort2 (0ms)
			AwakeInstancesAfterBackupRestoration (6ms)
Platform modules already initialized, skipping
Refreshing native plugins compatible for Editor in 0.50 ms, found 4 plugins.
Preloading 0 native plugins for Editor in 0.00 ms.
Unloading 3248 Unused Serialized files (Serialized files now loaded: 0)
Unloading 42 unused Assets / (0.7 MB). Loaded Objects now: 3764.
Memory consumption went from 119.5 MB to 118.8 MB.
Total: 3.817000 ms (FindLiveObjects: 0.292000 ms CreateObjectMapping: 0.223200 ms MarkObjects: 2.907600 ms  DeleteObjects: 0.393000 ms)

AssetImportParameters requested are different than current active one (requested -> active):
  custom:video-decoder-ogg-theora: a1e56fd34408186e4bbccfd4996cb3dc -> 
  custom:container-muxer-webm: aa71ff27fc2769a1b78a27578f13a17b -> 
  custom:container-demuxer-webm: 4f35f7cbe854078d1ac9338744f61a02 -> 
  custom:video-encoder-webm-vp8: eb34c28f22e8b96e1ab97ce403110664 -> 
  custom:video-codec-MediaFoundation-h265: 746d11721c4dcdbdad8f713fa42b33f4 -> 
  custom:audio-encoder-webm-vorbis: bf7c407c2cedff20999df2af8eb42d56 -> 
  custom:framework-win-MediaFoundation: 216162199b28c13a410421893ffa2e32 -> 
  custom:container-demuxer-ogg: 62fdf1f143b41e24485cea50d1cbac27 -> 
  custom:video-decoder-webm-vp8: 9c59270c3fd7afecdb556c50c9e8de78 -> 
  custom:audio-decoder-ogg-vorbis: bf7c407c2cedff20999df2af8eb42d56 -> 
========================================================================
Received Prepare
Registering precompiled user dll's ...
Registered in 0.003738 seconds.
Begin MonoManager ReloadAssembly
Symbol file LoadedFromMemory doesn't match image D:\Unity\Projects\SteamNetworkingSockets\Library\PackageCache\com.unity.visualscripting@1.7.6\Editor\VisualScripting.Core\Dependencies\YamlDotNet\Unity.VisualScripting.YamlDotNet.dll
Symbol file LoadedFromMemory doesn't match image D:\Unity\Projects\SteamNetworkingSockets\Library\PackageCache\com.unity.visualscripting@1.7.6\Editor\VisualScripting.Core\Dependencies\DotNetZip\Unity.VisualScripting.IonicZip.dll
Native extension for WindowsStandalone target not found
Refreshing native plugins compatible for Editor in 0.59 ms, found 4 plugins.
Preloading 0 native plugins for Editor in 0.00 ms.
Mono: successfully reloaded assembly
- Completed reload, in  0.824 seconds
Domain Reload Profiling:
	ReloadAssembly (825ms)
		BeginReloadAssembly (129ms)
			ExecutionOrderSort (0ms)
			DisableScriptedObjects (5ms)
			BackupInstance (0ms)
			ReleaseScriptingObjects (0ms)
			CreateAndSetChildDomain (28ms)
		EndReloadAssembly (618ms)
			LoadAssemblies (57ms)
			RebuildTransferFunctionScriptingTraits (0ms)
			SetupTypeCache (224ms)
			ReleaseScriptCaches (1ms)
			RebuildScriptCaches (37ms)
			SetupLoadedEditorAssemblies (263ms)
				LogAssemblyErrors (0ms)
				InitializePlatformSupportModulesInManaged (9ms)
				SetLoadedEditorAssemblies (0ms)
				RefreshPlugins (1ms)
				BeforeProcessingInitializeOnLoad (52ms)
				ProcessInitializeOnLoadAttributes (180ms)
				ProcessInitializeOnLoadMethodAttributes (19ms)
				AfterProcessingInitializeOnLoad (2ms)
				EditorAssembliesLoaded (0ms)
			ExecutionOrderSort2 (0ms)
			AwakeInstancesAfterBackupRestoration (5ms)
Platform modules already initialized, skipping
Refreshing native plugins compatible for Editor in 0.51 ms, found 4 plugins.
Preloading 0 native plugins for Editor in 0.00 ms.
Unloading 3248 Unused Serialized files (Serialized files now loaded: 0)
Unloading 42 unused Assets / (0.7 MB). Loaded Objects now: 3766.
Memory consumption went from 119.5 MB to 118.8 MB.
Total: 2.919000 ms (FindLiveObjects: 0.313200 ms CreateObjectMapping: 0.213300 ms MarkObjects: 2.080000 ms  DeleteObjects: 0.311600 ms)

AssetImportParameters requested are different than current active one (requested -> active):
  custom:video-decoder-ogg-theora: a1e56fd34408186e4bbccfd4996cb3dc -> 
  custom:container-muxer-webm: aa71ff27fc2769a1b78a27578f13a17b -> 
  custom:container-demuxer-webm: 4f35f7cbe854078d1ac9338744f61a02 -> 
  custom:video-encoder-webm-vp8: eb34c28f22e8b96e1ab97ce403110664 -> 
  custom:video-codec-MediaFoundation-h265: 746d11721c4dcdbdad8f713fa42b33f4 -> 
  custom:audio-encoder-webm-vorbis: bf7c407c2cedff20999df2af8eb42d56 -> 
  custom:framework-win-MediaFoundation: 216162199b28c13a410421893ffa2e32 -> 
  custom:container-demuxer-ogg: 62fdf1f143b41e24485cea50d1cbac27 -> 
  custom:video-decoder-webm-vp8: 9c59270c3fd7afecdb556c50c9e8de78 -> 
  custom:audio-decoder-ogg-vorbis: bf7c407c2cedff20999df2af8eb42d56 -> 
========================================================================
Received Prepare
Registering precompiled user dll's ...
Registered in 0.004027 seconds.
Begin MonoManager ReloadAssembly
Symbol file LoadedFromMemory doesn't match image D:\Unity\Projects\SteamNetworkingSockets\Library\PackageCache\com.unity.visualscripting@1.7.6\Editor\VisualScripting.Core\Dependencies\YamlDotNet\Unity.VisualScripting.YamlDotNet.dll
Symbol file LoadedFromMemory doesn't match image D:\Unity\Projects\SteamNetworkingSockets\Library\PackageCache\com.unity.visualscripting@1.7.6\Editor\VisualScripting.Core\Dependencies\DotNetZip\Unity.VisualScripting.IonicZip.dll
Native extension for WindowsStandalone target not found
Refreshing native plugins compatible for Editor in 0.87 ms, found 4 plugins.
Preloading 0 native plugins for Editor in 0.00 ms.
Mono: successfully reloaded assembly
- Completed reload, in  0.853 seconds
Domain Reload Profiling:
	ReloadAssembly (854ms)
		BeginReloadAssembly (119ms)
			ExecutionOrderSort (0ms)
			DisableScriptedObjects (5ms)
			BackupInstance (0ms)
			ReleaseScriptingObjects (0ms)
			CreateAndSetChildDomain (28ms)
		EndReloadAssembly (653ms)
			LoadAssemblies (63ms)
			RebuildTransferFunctionScriptingTraits (0ms)
			SetupTypeCache (236ms)
			ReleaseScriptCaches (1ms)
			RebuildScriptCaches (37ms)
			SetupLoadedEditorAssemblies (278ms)
				LogAssemblyErrors (0ms)
				InitializePlatformSupportModulesInManaged (10ms)
				SetLoadedEditorAssemblies (1ms)
				RefreshPlugins (1ms)
				BeforeProcessingInitializeOnLoad (56ms)
				ProcessInitializeOnLoadAttributes (186ms)
				ProcessInitializeOnLoadMethodAttributes (21ms)
				AfterProcessingInitializeOnLoad (3ms)
				EditorAssembliesLoaded (0ms)
			ExecutionOrderSort2 (0ms)
			AwakeInstancesAfterBackupRestoration (5ms)
Platform modules already initialized, skipping
Refreshing native plugins compatible for Editor in 0.52 ms, found 4 plugins.
Preloading 0 native plugins for Editor in 0.00 ms.
Unloading 3248 Unused Serialized files (Serialized files now loaded: 0)
Unloading 42 unused Assets / (0.7 MB). Loaded Objects now: 3768.
Memory consumption went from 119.5 MB to 118.8 MB.
Total: 2.739900 ms (FindLiveObjects: 0.277600 ms CreateObjectMapping: 0.159700 ms MarkObjects: 1.981600 ms  DeleteObjects: 0.320100 ms)

AssetImportParameters requested are different than current active one (requested -> active):
  custom:video-decoder-ogg-theora: a1e56fd34408186e4bbccfd4996cb3dc -> 
  custom:container-muxer-webm: aa71ff27fc2769a1b78a27578f13a17b -> 
  custom:container-demuxer-webm: 4f35f7cbe854078d1ac9338744f61a02 -> 
  custom:video-encoder-webm-vp8: eb34c28f22e8b96e1ab97ce403110664 -> 
  custom:video-codec-MediaFoundation-h265: 746d11721c4dcdbdad8f713fa42b33f4 -> 
  custom:audio-encoder-webm-vorbis: bf7c407c2cedff20999df2af8eb42d56 -> 
  custom:framework-win-MediaFoundation: 216162199b28c13a410421893ffa2e32 -> 
  custom:container-demuxer-ogg: 62fdf1f143b41e24485cea50d1cbac27 -> 
  custom:video-decoder-webm-vp8: 9c59270c3fd7afecdb556c50c9e8de78 -> 
  custom:audio-decoder-ogg-vorbis: bf7c407c2cedff20999df2af8eb42d56 -> 
========================================================================
Received Prepare
Registering precompiled user dll's ...
Registered in 0.004219 seconds.
Begin MonoManager ReloadAssembly
Symbol file LoadedFromMemory doesn't match image D:\Unity\Projects\SteamNetworkingSockets\Library\PackageCache\com.unity.visualscripting@1.7.6\Editor\VisualScripting.Core\Dependencies\YamlDotNet\Unity.VisualScripting.YamlDotNet.dll
Symbol file LoadedFromMemory doesn't match image D:\Unity\Projects\SteamNetworkingSockets\Library\PackageCache\com.unity.visualscripting@1.7.6\Editor\VisualScripting.Core\Dependencies\DotNetZip\Unity.VisualScripting.IonicZip.dll
Native extension for WindowsStandalone target not found
Refreshing native plugins compatible for Editor in 0.56 ms, found 4 plugins.
Preloading 0 native plugins for Editor in 0.00 ms.
Mono: successfully reloaded assembly
- Completed reload, in  0.831 seconds
Domain Reload Profiling:
	ReloadAssembly (832ms)
		BeginReloadAssembly (116ms)
			ExecutionOrderSort (0ms)
			DisableScriptedObjects (5ms)
			BackupInstance (0ms)
			ReleaseScriptingObjects (0ms)
			CreateAndSetChildDomain (29ms)
		EndReloadAssembly (637ms)
			LoadAssemblies (60ms)
			RebuildTransferFunctionScriptingTraits (0ms)
			SetupTypeCache (233ms)
			ReleaseScriptCaches (1ms)
			RebuildScriptCaches (39ms)
			SetupLoadedEditorAssemblies (265ms)
				LogAssemblyErrors (0ms)
				InitializePlatformSupportModulesInManaged (11ms)
				SetLoadedEditorAssemblies (0ms)
				RefreshPlugins (1ms)
				BeforeProcessingInitializeOnLoad (54ms)
				ProcessInitializeOnLoadAttributes (177ms)
				ProcessInitializeOnLoadMethodAttributes (19ms)
				AfterProcessingInitializeOnLoad (2ms)
				EditorAssembliesLoaded (0ms)
			ExecutionOrderSort2 (0ms)
			AwakeInstancesAfterBackupRestoration (5ms)
Platform modules already initialized, skipping
Refreshing native plugins compatible for Editor in 0.52 ms, found 4 plugins.
Preloading 0 native plugins for Editor in 0.00 ms.
Unloading 3248 Unused Serialized files (Serialized files now loaded: 0)
Unloading 42 unused Assets / (0.7 MB). Loaded Objects now: 3770.
Memory consumption went from 119.5 MB to 118.8 MB.
Total: 3.801500 ms (FindLiveObjects: 0.262200 ms CreateObjectMapping: 1.149100 ms MarkObjects: 2.078700 ms  DeleteObjects: 0.310700 ms)

AssetImportParameters requested are different than current active one (requested -> active):
  custom:video-decoder-ogg-theora: a1e56fd34408186e4bbccfd4996cb3dc -> 
  custom:container-muxer-webm: aa71ff27fc2769a1b78a27578f13a17b -> 
  custom:container-demuxer-webm: 4f35f7cbe854078d1ac9338744f61a02 -> 
  custom:video-encoder-webm-vp8: eb34c28f22e8b96e1ab97ce403110664 -> 
  custom:video-codec-MediaFoundation-h265: 746d11721c4dcdbdad8f713fa42b33f4 -> 
  custom:audio-encoder-webm-vorbis: bf7c407c2cedff20999df2af8eb42d56 -> 
  custom:framework-win-MediaFoundation: 216162199b28c13a410421893ffa2e32 -> 
  custom:container-demuxer-ogg: 62fdf1f143b41e24485cea50d1cbac27 -> 
  custom:video-decoder-webm-vp8: 9c59270c3fd7afecdb556c50c9e8de78 -> 
  custom:audio-decoder-ogg-vorbis: bf7c407c2cedff20999df2af8eb42d56 -> 
